snnet/train.sh --rand-lattice false --n-lattice 1 ark:data/bottleneck//train.ark ark:data/bottleneck//train.lab ark:data/bottleneck//train.lat ark:data/bottleneck//dev.ark ark:data/bottleneck//dev.lab ark:data/bottleneck//dev.lat data/bottleneck//data_nn.model
copy-int-vector ark:data/bottleneck//train.lab ark,t:- 
LOG (copy-int-vector:main():copy-int-vector.cc:83) Copied 3696 vectors of int32.
feat-to-dim ark:data/bottleneck//train.ark - 
nnet-initialize /tmp/tmp.n1wcDncJLw/nnet.proto /tmp/tmp.n1wcDncJLw/nnet.init 
VLOG[1] (nnet-initialize:Init():nnet-nnet.cc:362) <NnetProto>
VLOG[1] (nnet-initialize:Init():nnet-nnet.cc:362) <AffineTransform> <InputDim> 4608 <OutputDim> 200 <BiasMean> -2.000000 <BiasRange> 4.000000 <ParamStddev> 0.020607 <MaxNorm> 0.000000
VLOG[1] (nnet-initialize:Init():nnet-nnet.cc:362) <Sigmoid> <InputDim> 200 <OutputDim> 200
VLOG[1] (nnet-initialize:Init():nnet-nnet.cc:362) <AffineTransform> <InputDim> 200 <OutputDim> 2 <BiasMean> 0.000000 <BiasRange> 0.000000 <ParamStddev> 0.348263 <LearnRateCoef> 1.000000 <BiasLearnRateCoef> 0.100000
VLOG[1] (nnet-initialize:Init():nnet-nnet.cc:362) <Softmax> <InputDim> 2 <OutputDim> 2
VLOG[1] (nnet-initialize:Init():nnet-nnet.cc:362) </NnetProto>
LOG (nnet-initialize:main():nnet-initialize.cc:64) Written initialized model to /tmp/tmp.n1wcDncJLw/nnet.init
snnet-train-shuff --learn-rate=0.004 --momentum=0.9 --l1-penalty=0 --l2-penalty=0 --minibatch-size=256 --randomizer-size=32768 --randomize=true --verbose=1 --binary=true --randomizer-seed=777 --negative-num=100 ark:data/bottleneck//train.ark ark:data/bottleneck//train.lab 'ark:lattice-to-nbest --n=1 --random=false ark:data/bottleneck//train.lat ark:- | lattice-to-vec ark:- ark:- |' /tmp/tmp.n1wcDncJLw/nnet.init /tmp/tmp.n1wcDncJLw/nnet/nnet.001 
LOG (snnet-train-shuff:Init():nnet-randomizer.cc:31) Seeding by srand with : 777
lattice-to-vec ark:- ark:- 
lattice-to-nbest --n=1 --random=false ark:data/bottleneck//train.lat ark:- 
LOG (snnet-train-shuff:SelectGpuIdAuto():cu-device.cc:262) Selecting from 1 GPUs
LOG (snnet-train-shuff:SelectGpuIdAuto():cu-device.cc:277) cudaSetDevice(0): GeForce GTX 780	free:2056M, used:1014M, total:3071M, free/total:0.66973
LOG (snnet-train-shuff:SelectGpuIdAuto():cu-device.cc:310) Selected device: 0 (automatically)
LOG (snnet-train-shuff:FinalizeActiveGpu():cu-device.cc:194) The active GPU is [0]: GeForce GTX 780	free:2042M, used:1028M, total:3071M, free/total:0.665171 version 3.5
LOG (snnet-train-shuff:PrintMemoryUsage():cu-device.cc:334) Memory used: 0 bytes.
LOG (snnet-train-shuff:DisableCaching():cu-device.cc:731) Disabling caching of GPU memory.
LOG (snnet-train-shuff:main():snnet-train-shuff.cpp:113) TRAINING STARTED
VLOG[1] (snnet-train-shuff:main():snnet-train-shuff.cpp:206) ### After 0 frames,
VLOG[1] (snnet-train-shuff:main():snnet-train-shuff.cpp:207) ### Forward propagation buffer content :
[0] output of <Input>  ( min 0, max 0.103359, mean 0.000659058, variance 1.3346e-06, skewness 6.30294, kurtosis 262.87 ) 
[1] output of <AffineTransform> ( min -4.00223, max -0.00419127, mean -2.04353, variance 1.25617, skewness 0.118024, kurtosis -1.14461 ) 
[2] output of <Sigmoid> ( min 0.0179468, max 0.498952, mean 0.161442, variance 0.0189713, skewness 0.917963, kurtosis -0.386539 ) 
[3] output of <AffineTransform> ( min -0.497945, max 0.412376, mean -0.0431526, variance 0.203855, skewness 7.98103e-07, kurtosis -1.99998 ) 
[4] output of <Softmax> ( min 0.287609, max 0.712391, mean 0.5, variance 0.0447603, skewness -2.61234e-08, kurtosis -1.99999 ) 

VLOG[1] (snnet-train-shuff:main():snnet-train-shuff.cpp:209) ### Backward propagation buffer content :
[0] diff of <Input>  ( min -0.0176181, max 0.0210979, mean -5.27291e-05, variance 2.27211e-05, skewness 0.00176528, kurtosis 0.0597122 ) 
[1] diff-output of <AffineTransform> ( min -0.05599, max 0.0582948, mean -0.000983463, variance 0.000267489, skewness -0.0345085, kurtosis 1.83075 ) 
[2] diff-output of <Sigmoid> ( min -0.353544, max 0.315897, mean -0.0133466, variance 0.0150602, skewness 0.044461, kurtosis -0.29671 ) 
[3] diff-output of <AffineTransform> ( min -0.285626, max 0.285626, mean -1.80444e-09, variance 0.0708856, skewness -2.07219e-08, kurtosis -1.98444 ) 
[4] diff-output of <Softmax> ( min -0.285626, max 0.285626, mean -1.80444e-09, variance 0.0708856, skewness -2.07219e-08, kurtosis -1.98444 ) 

VLOG[1] (snnet-train-shuff:main():snnet-train-shuff.cpp:210) ### Gradient stats :
Component 1 : <AffineTransform>, 
  linearity_grad ( min -0.0411591, max 0.0428446, mean -0.000166684, variance 1.39023e-05, skewness -0.283806, kurtosis 19.0653 ) , lr-coef 1, max-norm 0
  bias_grad ( min -13.2809, max 13.825, mean -0.251767, variance 17.3145, skewness -0.0318687, kurtosis 1.75702 ) , lr-coef 1
Component 2 : <Sigmoid>, 
Component 3 : <AffineTransform>, 
  linearity_grad ( min -33.6187, max 33.6187, mean -8.25524e-08, variance 206.648, skewness -3.06748e-08, kurtosis 0.025265 ) , lr-coef 1, max-norm 0
  bias_grad ( min -67.7393, max 67.7393, mean 3.8147e-06, variance 4588.62, skewness 0, kurtosis -2 ) , lr-coef 0.1
Component 4 : <Softmax>, 

VLOG[1] (snnet-train-shuff:Eval():nnet-loss.cc:131) ProgressLoss[1h/1h]: 0.0185087 (Xent)
LOG (lattice-to-nbest:main():lattice-to-nbest.cc:123) Done applying N-best algorithm to 3696 lattices with n = 1, average actual #paths is 1
VLOG[1] (snnet-train-shuff:main():snnet-train-shuff.cpp:231) ### After 376832 frames,
VLOG[1] (snnet-train-shuff:main():snnet-train-shuff.cpp:232) ### Forward propagation buffer content :
[0] output of <Input>  ( min 0, max 0.293987, mean 0.000687279, variance 1.62215e-06, skewness 20.4723, kurtosis 3139.23 ) 
[1] output of <AffineTransform> ( min -4.00995, max 0.0264274, mean -2.18771, variance 0.9295, skewness -0.053451, kurtosis -1.09298 ) 
[2] output of <Sigmoid> ( min 0.0178114, max 0.506606, mean 0.133363, variance 0.0100347, skewness 0.835577, kurtosis -0.226983 ) 
[3] output of <AffineTransform> ( min -1.80093, max 2.16797, mean 0.179377, variance 3.50518, skewness 0.00134662, kurtosis -1.98168 ) 
[4] output of <Softmax> ( min 0.0185438, max 0.981456, mean 0.5, variance 0.224463, skewness 1.33716e-08, kurtosis -1.98538 ) 

VLOG[1] (snnet-train-shuff:main():snnet-train-shuff.cpp:234) ### Backward propagation buffer content :
[0] diff of <Input>  ( min -0.995255, max 3.39012, mean -0.000108856, variance 0.000200509, skewness 111.804, kurtosis 17615.5 ) 
[1] diff-output of <AffineTransform> ( min -0.298961, max 0.29279, mean -2.76108e-05, variance 4.57308e-05, skewness -0.050672, kurtosis 557.969 ) 
[2] diff-output of <Sigmoid> ( min -1.31341, max 1.17426, mean -0.000306618, variance 0.00129701, skewness -2.26994, kurtosis 299.104 ) 
[3] diff-output of <AffineTransform> ( min -0.333702, max 0.333702, mean 9.42237e-10, variance 0.00121405, skewness -2.71157e-07, kurtosis 60.011 ) 
[4] diff-output of <Softmax> ( min -0.333702, max 0.333702, mean 9.42237e-10, variance 0.00121405, skewness -2.71157e-07, kurtosis 60.011 ) 

VLOG[1] (snnet-train-shuff:main():snnet-train-shuff.cpp:235) ### Gradient stats :
Component 1 : <AffineTransform>, 
  linearity_grad ( min -0.203783, max 0.198498, mean 1.34405e-05, variance 1.44151e-06, skewness -0.554072, kurtosis 4152.25 ) , lr-coef 1, max-norm 0
  bias_grad ( min -0.74145, max 0.846577, mean 0.0117442, variance 0.0318048, skewness 0.393027, kurtosis 5.67436 ) , lr-coef 1
Component 2 : <Sigmoid>, 
Component 3 : <AffineTransform>, 
  linearity_grad ( min -0.403912, max 0.403912, mean 3.93111e-08, variance 0.0233903, skewness 9.03394e-07, kurtosis -0.241522 ) , lr-coef 1, max-norm 0
  bias_grad ( min -0.898366, max 0.898367, mean 2.98023e-07, variance 0.807062, skewness 0, kurtosis -2 ) , lr-coef 0.1
Component 4 : <Softmax>, 

LOG (snnet-train-shuff:main():snnet-train-shuff.cpp:243) Done 3696 files, 0 with no tgt_mats, 0 with other errors. [TRAINING, RANDOMIZED, 0.436461 min, fps14389.7]
LOG (snnet-train-shuff:main():snnet-train-shuff.cpp:252) AvgLoss: 0.0180238 (Xent), [AvgXent: 0.121345, AvgTargetEnt: 0.103322]
progress: [0.0185087 ]

FRAME_ACCURACY >> 99.1885% <<
LOG (snnet-train-shuff:PrintProfile():cu-device.cc:360) -----
[cudevice profile]
Sum	0.0410662s
Set	0.0704732s
AddVec	0.126767s
AddMat	0.134562s
CuVector::SetZero	0.156948s
Randomize	0.178322s
FindRowMaxId	0.201195s
CuVector::Resize	0.237711s
CuMatrix::SetZero	0.254038s
Destroy	0.273935s
AddRowSumMat	0.361904s
CuMatrixBase::CopyFromMat(from other CuMatrixBase)	0.535039s
CuMatrix::Resize	0.539984s
CuMatrixBase::CopyFromMat(from CPU)	1.23059s
AddMatMat	1.7665s
Total GPU time:	6.3783s (may involve some double-counting)
-----
LOG (snnet-train-shuff:PrintMemoryUsage():cu-device.cc:334) Memory used: 1217249280 bytes.
TRAIN AVG.LOSS 0.0180, snnet-train-shuff --learn-rate=0.004 --momentum=0.9 --l1-penalty=0 --l2-penalty=0 --minibatch-size=256 --randomizer-size=32768 --randomize=true --verbose=1 --binary=true --randomizer-seed=778 --cross-validate=true --negative-num=100 ark:data/bottleneck//dev.ark ark:data/bottleneck//dev.lab 'ark:lattice-to-nbest --n=1 --random=false ark:data/bottleneck//dev.lat ark:- | lattice-to-vec ark:- ark:- |' /tmp/tmp.n1wcDncJLw/nnet/nnet.001 
LOG (snnet-train-shuff:Init():nnet-randomizer.cc:31) Seeding by srand with : 778
lattice-to-vec ark:- ark:- 
lattice-to-nbest --n=1 --random=false ark:data/bottleneck//dev.lat ark:- 
LOG (snnet-train-shuff:SelectGpuIdAuto():cu-device.cc:262) Selecting from 1 GPUs
LOG (snnet-train-shuff:SelectGpuIdAuto():cu-device.cc:277) cudaSetDevice(0): GeForce GTX 780	free:2110M, used:960M, total:3071M, free/total:0.687312
LOG (snnet-train-shuff:SelectGpuIdAuto():cu-device.cc:310) Selected device: 0 (automatically)
LOG (snnet-train-shuff:FinalizeActiveGpu():cu-device.cc:194) The active GPU is [0]: GeForce GTX 780	free:2096M, used:974M, total:3071M, free/total:0.682753 version 3.5
LOG (snnet-train-shuff:PrintMemoryUsage():cu-device.cc:334) Memory used: 0 bytes.
LOG (snnet-train-shuff:DisableCaching():cu-device.cc:731) Disabling caching of GPU memory.
LOG (snnet-train-shuff:main():snnet-train-shuff.cpp:113) CROSS-VALIDATION STARTED
VLOG[1] (snnet-train-shuff:main():snnet-train-shuff.cpp:206) ### After 0 frames,
VLOG[1] (snnet-train-shuff:main():snnet-train-shuff.cpp:207) ### Forward propagation buffer content :
[0] output of <Input>  ( min 0, max 0.161111, mean 0.000717521, variance 1.81873e-06, skewness 11.411, kurtosis 718.131 ) 
[1] output of <AffineTransform> ( min -4.00599, max -0.0189539, mean -2.18776, variance 0.929319, skewness -0.0536946, kurtosis -1.093 ) 
[2] output of <Sigmoid> ( min 0.0178807, max 0.495262, mean 0.13335, variance 0.01003, skewness 0.835195, kurtosis -0.228301 ) 
[3] output of <AffineTransform> ( min -1.75218, max 2.117, mean 0.178951, variance 3.37563, skewness 0.00164925, kurtosis -1.97611 ) 
[4] output of <Softmax> ( min 0.0204543, max 0.979546, mean 0.5, variance 0.222089, skewness -1.99804e-09, kurtosis -1.98122 ) 

LOG (lattice-to-nbest:main():lattice-to-nbest.cc:123) Done applying N-best algorithm to 400 lattices with n = 1, average actual #paths is 1
VLOG[1] (snnet-train-shuff:main():snnet-train-shuff.cpp:231) ### After 40704 frames,
VLOG[1] (snnet-train-shuff:main():snnet-train-shuff.cpp:232) ### Forward propagation buffer content :
[0] output of <Input>  ( min 0, max 0.197568, mean 0.000672226, variance 1.58447e-06, skewness 19.1237, kurtosis 1896.02 ) 
[1] output of <AffineTransform> ( min -4.00767, max 0.0256386, mean -2.18787, variance 0.92919, skewness -0.0538061, kurtosis -1.09312 ) 
[2] output of <Sigmoid> ( min 0.0178513, max 0.506409, mean 0.133334, variance 0.0100261, skewness 0.834809, kurtosis -0.230141 ) 
[3] output of <AffineTransform> ( min -1.7499, max 2.11446, mean 0.17862, variance 3.34459, skewness 0.00174163, kurtosis -1.97808 ) 
[4] output of <Softmax> ( min 0.0205509, max 0.979449, mean 0.5, variance 0.222121, skewness 7.18493e-09, kurtosis -1.9839 ) 

LOG (snnet-train-shuff:main():snnet-train-shuff.cpp:243) Done 400 files, 0 with no tgt_mats, 0 with other errors. [CROSS-VALIDATION, RANDOMIZED, 0.0619426 min, fps10952.1]
LOG (snnet-train-shuff:main():snnet-train-shuff.cpp:252) AvgLoss: 0.00769521 (Xent), [AvgXent: 0.110913, AvgTargetEnt: 0.103217]

FRAME_ACCURACY >> 99.29% <<
LOG (snnet-train-shuff:PrintProfile():cu-device.cc:360) -----
[cudevice profile]
CuMatrix::CopyToMatD2H	0.00406432s
CuArray::CopyToVecD2H	0.00407124s
Sum	0.00455451s
AddVecToRows	0.00490618s
Set	0.00826716s
CuVector::SetZero	0.010016s
AddRowSumMat	0.0119786s
CuVector::Resize	0.0170863s
CuMatrix::SetZero	0.021558s
FindRowMaxId	0.0229564s
Destroy	0.0312104s
CuMatrixBase::CopyFromMat(from other CuMatrixBase)	0.0578103s
CuMatrix::Resize	0.0663419s
AddMatMat	0.101465s
CuMatrixBase::CopyFromMat(from CPU)	0.137769s
Total GPU time:	0.52818s (may involve some double-counting)
-----
LOG (snnet-train-shuff:PrintMemoryUsage():cu-device.cc:334) Memory used: 644202496 bytes.
CROSSVAL AVG.LOSS 0.0077, nnet accepted (nnet.001_learnrate0.004_tr0.0000_cv0.0077_keep-lr-iters-1)
snnet-train-shuff --learn-rate=0.004 --momentum=0.9 --l1-penalty=0 --l2-penalty=0 --minibatch-size=256 --randomizer-size=32768 --randomize=true --verbose=1 --binary=true --randomizer-seed=779 --negative-num=100 ark:data/bottleneck//train.ark ark:data/bottleneck//train.lab 'ark:lattice-to-nbest --n=1 --random=false ark:data/bottleneck//train.lat ark:- | lattice-to-vec ark:- ark:- |' /tmp/tmp.n1wcDncJLw/nnet/nnet.001_learnrate0.004_tr0.0000_cv0.0077_keep-lr-iters-1 /tmp/tmp.n1wcDncJLw/nnet/nnet.002 
LOG (snnet-train-shuff:Init():nnet-randomizer.cc:31) Seeding by srand with : 779
lattice-to-vec ark:- ark:- 
lattice-to-nbest --n=1 --random=false ark:data/bottleneck//train.lat ark:- 
LOG (snnet-train-shuff:SelectGpuIdAuto():cu-device.cc:262) Selecting from 1 GPUs
LOG (snnet-train-shuff:SelectGpuIdAuto():cu-device.cc:277) cudaSetDevice(0): GeForce GTX 780	free:2110M, used:960M, total:3071M, free/total:0.687312
LOG (snnet-train-shuff:SelectGpuIdAuto():cu-device.cc:310) Selected device: 0 (automatically)
LOG (snnet-train-shuff:FinalizeActiveGpu():cu-device.cc:194) The active GPU is [0]: GeForce GTX 780	free:2096M, used:974M, total:3071M, free/total:0.682753 version 3.5
LOG (snnet-train-shuff:PrintMemoryUsage():cu-device.cc:334) Memory used: 0 bytes.
LOG (snnet-train-shuff:DisableCaching():cu-device.cc:731) Disabling caching of GPU memory.
LOG (snnet-train-shuff:main():snnet-train-shuff.cpp:113) TRAINING STARTED
VLOG[1] (snnet-train-shuff:main():snnet-train-shuff.cpp:206) ### After 0 frames,
VLOG[1] (snnet-train-shuff:main():snnet-train-shuff.cpp:207) ### Forward propagation buffer content :
[0] output of <Input>  ( min 0, max 0.257962, mean 0.000666388, variance 1.53303e-06, skewness 19.8852, kurtosis 2580.52 ) 
[1] output of <AffineTransform> ( min -4.00935, max -0.00234464, mean -2.18768, variance 0.929425, skewness -0.053812, kurtosis -1.09362 ) 
[2] output of <Sigmoid> ( min 0.0178218, max 0.499414, mean 0.133362, variance 0.0100308, skewness 0.834116, kurtosis -0.233262 ) 
[3] output of <AffineTransform> ( min -1.77568, max 2.13825, mean 0.178939, variance 3.36498, skewness 0.00117341, kurtosis -1.98562 ) 
[4] output of <Softmax> ( min 0.0195712, max 0.980429, mean 0.5, variance 0.223638, skewness 2.67772e-09, kurtosis -1.99054 ) 

VLOG[1] (snnet-train-shuff:main():snnet-train-shuff.cpp:209) ### Backward propagation buffer content :
[0] diff of <Input>  ( min -4.25175, max 5.13125, mean -7.02219e-05, variance 0.000390216, skewness 5.36892, kurtosis 20989.2 ) 
[1] diff-output of <AffineTransform> ( min -0.439367, max 0.450448, mean -4.45503e-05, variance 8.93145e-05, skewness 0.893852, kurtosis 661.61 ) 
[2] diff-output of <Sigmoid> ( min -2.01185, max 1.80179, mean -0.000189543, variance 0.00256407, skewness -0.164686, kurtosis 359.181 ) 
[3] diff-output of <AffineTransform> ( min -0.511564, max 0.511564, mean 6.23913e-10, variance 0.00240036, skewness -3.71706e-07, kurtosis 72.5482 ) 
[4] diff-output of <Softmax> ( min -0.511564, max 0.511564, mean 6.23913e-10, variance 0.00240036, skewness -3.71706e-07, kurtosis 72.5482 ) 

VLOG[1] (snnet-train-shuff:main():snnet-train-shuff.cpp:210) ### Gradient stats :
Component 1 : <AffineTransform>, 
  linearity_grad ( min -0.0659147, max 0.0670648, mean -8.75571e-06, variance 3.1751e-07, skewness 1.47302, kurtosis 3149.26 ) , lr-coef 1, max-norm 0
  bias_grad ( min -0.745274, max 0.601627, mean -0.0114049, variance 0.0219224, skewness -0.747666, kurtosis 6.25262 ) , lr-coef 1
Component 2 : <Sigmoid>, 
Component 3 : <AffineTransform>, 
  linearity_grad ( min -0.38417, max 0.38417, mean 1.84425e-08, variance 0.0154797, skewness 3.71516e-07, kurtosis -0.0895288 ) , lr-coef 1, max-norm 0
  bias_grad ( min -0.737449, max 0.737449, mean 1.19209e-07, variance 0.543831, skewness 0, kurtosis -2 ) , lr-coef 0.1
Component 4 : <Softmax>, 

VLOG[1] (snnet-train-shuff:Eval():nnet-loss.cc:131) ProgressLoss[1h/1h]: 0.00647934 (Xent)
LOG (lattice-to-nbest:main():lattice-to-nbest.cc:123) Done applying N-best algorithm to 3696 lattices with n = 1, average actual #paths is 1
VLOG[1] (snnet-train-shuff:main():snnet-train-shuff.cpp:231) ### After 376832 frames,
VLOG[1] (snnet-train-shuff:main():snnet-train-shuff.cpp:232) ### Forward propagation buffer content :
[0] output of <Input>  ( min 0, max 0.338542, mean 0.000708318, variance 1.79088e-06, skewness 27.9567, kurtosis 5267.61 ) 
[1] output of <AffineTransform> ( min -4.01005, max 0.212817, mean -2.17942, variance 0.964894, skewness 0.0199032, kurtosis -0.996733 ) 
[2] output of <Sigmoid> ( min 0.0178095, max 0.553004, mean 0.13559, variance 0.0112499, skewness 1.03963, kurtosis 0.521338 ) 
[3] output of <AffineTransform> ( min -1.79541, max 2.28355, mean 0.240624, variance 3.78532, skewness 0.00114594, kurtosis -1.98227 ) 
[4] output of <Softmax> ( min 0.0166434, max 0.983357, mean 0.5, variance 0.227629, skewness 1.24361e-09, kurtosis -1.98851 ) 

VLOG[1] (snnet-train-shuff:main():snnet-train-shuff.cpp:234) ### Backward propagation buffer content :
[0] diff of <Input>  ( min -4.96778, max 1.58811, mean 5.25876e-05, variance 0.000454463, skewness -114.913, kurtosis 18072.8 ) 
[1] diff-output of <AffineTransform> ( min -0.388912, max 0.410409, mean 2.01374e-05, variance 7.53458e-05, skewness -0.217449, kurtosis 694.15 ) 
[2] diff-output of <Sigmoid> ( min -1.5628, max 1.65935, mean 0.00030273, variance 0.00185344, skewness 1.18794, kurtosis 386.974 ) 
[3] diff-output of <AffineTransform> ( min -0.349845, max 0.349845, mean -4.03816e-10, variance 0.00133238, skewness -2.20701e-07, kurtosis 65.519 ) 
[4] diff-output of <Softmax> ( min -0.349845, max 0.349845, mean -4.03816e-10, variance 0.00133238, skewness -2.20701e-07, kurtosis 65.519 ) 

VLOG[1] (snnet-train-shuff:main():snnet-train-shuff.cpp:235) ### Gradient stats :
Component 1 : <AffineTransform>, 
  linearity_grad ( min -0.259611, max 0.261409, mean 4.91313e-07, variance 2.00767e-06, skewness -5.46888, kurtosis 5963.99 ) , lr-coef 1, max-norm 0
  bias_grad ( min -1.87257, max 1.89935, mean -0.00245198, variance 0.154684, skewness -0.273453, kurtosis 7.16893 ) , lr-coef 1
Component 2 : <Sigmoid>, 
Component 3 : <AffineTransform>, 
  linearity_grad ( min -0.865975, max 0.865974, mean -1.12294e-07, variance 0.0788501, skewness -1.0225e-06, kurtosis 0.261251 ) , lr-coef 1, max-norm 0
  bias_grad ( min -1.66185, max 1.66185, mean -8.34465e-07, variance 2.76175, skewness 0, kurtosis -2 ) , lr-coef 0.1
Component 4 : <Softmax>, 

LOG (snnet-train-shuff:main():snnet-train-shuff.cpp:243) Done 3696 files, 0 with no tgt_mats, 0 with other errors. [TRAINING, RANDOMIZED, 0.440758 min, fps14249.4]
LOG (snnet-train-shuff:main():snnet-train-shuff.cpp:252) AvgLoss: 0.00644615 (Xent), [AvgXent: 0.109689, AvgTargetEnt: 0.103243]
progress: [0.00647934 ]

FRAME_ACCURACY >> 99.4109% <<
LOG (snnet-train-shuff:PrintProfile():cu-device.cc:360) -----
[cudevice profile]
Sum	0.0431442s
Set	0.070596s
AddVec	0.123147s
AddMat	0.139057s
CuVector::SetZero	0.161438s
Randomize	0.179298s
FindRowMaxId	0.20514s
CuMatrix::SetZero	0.250871s
CuVector::Resize	0.251132s
Destroy	0.266446s
AddRowSumMat	0.363313s
CuMatrix::Resize	0.481313s
CuMatrixBase::CopyFromMat(from other CuMatrixBase)	0.519746s
CuMatrixBase::CopyFromMat(from CPU)	1.21193s
AddMatMat	1.79169s
Total GPU time:	6.33107s (may involve some double-counting)
-----
LOG (snnet-train-shuff:PrintMemoryUsage():cu-device.cc:334) Memory used: 1273872384 bytes.
TRAIN AVG.LOSS 0.0064, snnet-train-shuff --learn-rate=0.004 --momentum=0.9 --l1-penalty=0 --l2-penalty=0 --minibatch-size=256 --randomizer-size=32768 --randomize=true --verbose=1 --binary=true --randomizer-seed=780 --cross-validate=true --negative-num=100 ark:data/bottleneck//dev.ark ark:data/bottleneck//dev.lab 'ark:lattice-to-nbest --n=1 --random=false ark:data/bottleneck//dev.lat ark:- | lattice-to-vec ark:- ark:- |' /tmp/tmp.n1wcDncJLw/nnet/nnet.002 
LOG (snnet-train-shuff:Init():nnet-randomizer.cc:31) Seeding by srand with : 780
lattice-to-vec ark:- ark:- 
lattice-to-nbest --n=1 --random=false ark:data/bottleneck//dev.lat ark:- 
LOG (snnet-train-shuff:SelectGpuIdAuto():cu-device.cc:262) Selecting from 1 GPUs
LOG (snnet-train-shuff:SelectGpuIdAuto():cu-device.cc:277) cudaSetDevice(0): GeForce GTX 780	free:2110M, used:960M, total:3071M, free/total:0.687312
LOG (snnet-train-shuff:SelectGpuIdAuto():cu-device.cc:310) Selected device: 0 (automatically)
LOG (snnet-train-shuff:FinalizeActiveGpu():cu-device.cc:194) The active GPU is [0]: GeForce GTX 780	free:2096M, used:974M, total:3071M, free/total:0.682753 version 3.5
LOG (snnet-train-shuff:PrintMemoryUsage():cu-device.cc:334) Memory used: 0 bytes.
LOG (snnet-train-shuff:DisableCaching():cu-device.cc:731) Disabling caching of GPU memory.
LOG (snnet-train-shuff:main():snnet-train-shuff.cpp:113) CROSS-VALIDATION STARTED
VLOG[1] (snnet-train-shuff:main():snnet-train-shuff.cpp:206) ### After 0 frames,
VLOG[1] (snnet-train-shuff:main():snnet-train-shuff.cpp:207) ### Forward propagation buffer content :
[0] output of <Input>  ( min 0, max 0.161111, mean 0.000716551, variance 1.81741e-06, skewness 11.4274, kurtosis 719.28 ) 
[1] output of <AffineTransform> ( min -4.00654, max 0.205515, mean -2.17941, variance 0.964773, skewness 0.0192853, kurtosis -0.998537 ) 
[2] output of <Sigmoid> ( min 0.0178711, max 0.551199, mean 0.135588, variance 0.011243, skewness 1.03615, kurtosis 0.500956 ) 
[3] output of <AffineTransform> ( min -1.71847, max 2.20376, mean 0.239839, variance 3.47674, skewness 0.00135241, kurtosis -1.97844 ) 
[4] output of <Softmax> ( min 0.0194126, max 0.980587, mean 0.5, variance 0.223744, skewness -1.38951e-08, kurtosis -1.98435 ) 

LOG (lattice-to-nbest:main():lattice-to-nbest.cc:123) Done applying N-best algorithm to 400 lattices with n = 1, average actual #paths is 1
VLOG[1] (snnet-train-shuff:main():snnet-train-shuff.cpp:231) ### After 40704 frames,
VLOG[1] (snnet-train-shuff:main():snnet-train-shuff.cpp:232) ### Forward propagation buffer content :
[0] output of <Input>  ( min 0, max 0.197568, mean 0.000671012, variance 1.58049e-06, skewness 19.1806, kurtosis 1905.47 ) 
[1] output of <AffineTransform> ( min -4.00778, max 0.205713, mean -2.17947, variance 0.964748, skewness 0.0193043, kurtosis -0.998363 ) 
[2] output of <Sigmoid> ( min 0.0178494, max 0.551248, mean 0.135581, variance 0.0112421, skewness 1.03639, kurtosis 0.502273 ) 
[3] output of <AffineTransform> ( min -1.72366, max 2.21273, mean 0.239797, variance 3.48676, skewness 0.00131161, kurtosis -1.98063 ) 
[4] output of <Softmax> ( min 0.0191449, max 0.980855, mean 0.5, variance 0.224245, skewness 4.96162e-09, kurtosis -1.98619 ) 

LOG (snnet-train-shuff:main():snnet-train-shuff.cpp:243) Done 400 files, 0 with no tgt_mats, 0 with other errors. [CROSS-VALIDATION, RANDOMIZED, 0.0680627 min, fps9967.28]
LOG (snnet-train-shuff:main():snnet-train-shuff.cpp:252) AvgLoss: 0.00595717 (Xent), [AvgXent: 0.109039, AvgTargetEnt: 0.103082]

FRAME_ACCURACY >> 99.4915% <<
LOG (snnet-train-shuff:PrintProfile():cu-device.cc:360) -----
[cudevice profile]
CuArray::CopyToVecD2H	0.00369191s
Sum	0.00408101s
CuMatrix::CopyToMatD2H	0.00411749s
AddVecToRows	0.00440955s
Set	0.00737715s
CuVector::SetZero	0.00899506s
AddRowSumMat	0.0107763s
CuVector::Resize	0.0158536s
CuMatrix::SetZero	0.0205934s
FindRowMaxId	0.020627s
Destroy	0.0308986s
CuMatrixBase::CopyFromMat(from other CuMatrixBase)	0.055455s
CuMatrix::Resize	0.0650918s
AddMatMat	0.0892322s
CuMatrixBase::CopyFromMat(from CPU)	0.133881s
Total GPU time:	0.4967s (may involve some double-counting)
-----
LOG (snnet-train-shuff:PrintMemoryUsage():cu-device.cc:334) Memory used: 644202496 bytes.
CROSSVAL AVG.LOSS 0.0060, nnet accepted (nnet.002_learnrate0.004_tr0.0000_cv0.0060)
snnet-train-shuff --learn-rate=0.004 --momentum=0.9 --l1-penalty=0 --l2-penalty=0 --minibatch-size=256 --randomizer-size=32768 --randomize=true --verbose=1 --binary=true --randomizer-seed=781 --negative-num=100 ark:data/bottleneck//train.ark ark:data/bottleneck//train.lab 'ark:lattice-to-nbest --n=1 --random=false ark:data/bottleneck//train.lat ark:- | lattice-to-vec ark:- ark:- |' /tmp/tmp.n1wcDncJLw/nnet/nnet.002_learnrate0.004_tr0.0000_cv0.0060 /tmp/tmp.n1wcDncJLw/nnet/nnet.003 
LOG (snnet-train-shuff:Init():nnet-randomizer.cc:31) Seeding by srand with : 781
lattice-to-vec ark:- ark:- 
lattice-to-nbest --n=1 --random=false ark:data/bottleneck//train.lat ark:- 
LOG (snnet-train-shuff:SelectGpuIdAuto():cu-device.cc:262) Selecting from 1 GPUs
LOG (snnet-train-shuff:SelectGpuIdAuto():cu-device.cc:277) cudaSetDevice(0): GeForce GTX 780	free:2110M, used:960M, total:3071M, free/total:0.687312
LOG (snnet-train-shuff:SelectGpuIdAuto():cu-device.cc:310) Selected device: 0 (automatically)
LOG (snnet-train-shuff:FinalizeActiveGpu():cu-device.cc:194) The active GPU is [0]: GeForce GTX 780	free:2096M, used:974M, total:3071M, free/total:0.682753 version 3.5
LOG (snnet-train-shuff:PrintMemoryUsage():cu-device.cc:334) Memory used: 0 bytes.
LOG (snnet-train-shuff:DisableCaching():cu-device.cc:731) Disabling caching of GPU memory.
LOG (snnet-train-shuff:main():snnet-train-shuff.cpp:113) TRAINING STARTED
VLOG[1] (snnet-train-shuff:main():snnet-train-shuff.cpp:206) ### After 0 frames,
VLOG[1] (snnet-train-shuff:main():snnet-train-shuff.cpp:207) ### Forward propagation buffer content :
[0] output of <Input>  ( min 0, max 0.209497, mean 0.000670081, variance 1.55539e-06, skewness 15.1461, kurtosis 1423.87 ) 
[1] output of <AffineTransform> ( min -4.00626, max 0.201744, mean -2.17938, variance 0.964857, skewness 0.0193176, kurtosis -0.998543 ) 
[2] output of <Sigmoid> ( min 0.0178759, max 0.550266, mean 0.135595, variance 0.0112448, skewness 1.03616, kurtosis 0.501167 ) 
[3] output of <AffineTransform> ( min -1.71069, max 2.19737, mean 0.239935, variance 3.48858, skewness 0.00110455, kurtosis -1.98321 ) 
[4] output of <Softmax> ( min 0.0196843, max 0.980316, mean 0.5, variance 0.224759, skewness -4.62806e-09, kurtosis -1.98918 ) 

VLOG[1] (snnet-train-shuff:main():snnet-train-shuff.cpp:209) ### Backward propagation buffer content :
[0] diff of <Input>  ( min -2.91856, max 3.38797, mean -1.7233e-05, variance 0.000270385, skewness 4.84356, kurtosis 12442 ) 
[1] diff-output of <AffineTransform> ( min -0.280421, max 0.264121, mean -2.51516e-05, variance 4.47798e-05, skewness -0.523866, kurtosis 475.728 ) 
[2] diff-output of <Sigmoid> ( min -1.12884, max 1.06597, mean -9.36833e-05, variance 0.00109611, skewness -0.0311985, kurtosis 266.026 ) 
[3] diff-output of <AffineTransform> ( min -0.238255, max 0.238255, mean -1.35151e-09, variance 0.000787697, skewness -1.13922e-06, kurtosis 44.2702 ) 
[4] diff-output of <Softmax> ( min -0.238255, max 0.238255, mean -1.35151e-09, variance 0.000787697, skewness -1.13922e-06, kurtosis 44.2702 ) 

VLOG[1] (snnet-train-shuff:main():snnet-train-shuff.cpp:210) ### Gradient stats :
Component 1 : <AffineTransform>, 
  linearity_grad ( min -0.0360983, max 0.0373499, mean -3.85108e-06, variance 7.78535e-08, skewness -2.5928, kurtosis 2551.46 ) , lr-coef 1, max-norm 0
  bias_grad ( min -0.561002, max 0.490429, mean -0.00643881, variance 0.0129813, skewness -0.518926, kurtosis 6.72847 ) , lr-coef 1
Component 2 : <Sigmoid>, 
Component 3 : <AffineTransform>, 
  linearity_grad ( min -0.285971, max 0.285971, mean -4.7863e-08, variance 0.00675369, skewness -1.9299e-06, kurtosis 0.3521 ) , lr-coef 1, max-norm 0
  bias_grad ( min -0.47029, max 0.470289, mean -3.42727e-07, variance 0.221172, skewness 0, kurtosis -2 ) , lr-coef 0.1
Component 4 : <Softmax>, 

VLOG[1] (snnet-train-shuff:Eval():nnet-loss.cc:131) ProgressLoss[1h/1h]: 0.00539361 (Xent)
LOG (lattice-to-nbest:main():lattice-to-nbest.cc:123) Done applying N-best algorithm to 3696 lattices with n = 1, average actual #paths is 1
VLOG[1] (snnet-train-shuff:main():snnet-train-shuff.cpp:231) ### After 376832 frames,
VLOG[1] (snnet-train-shuff:main():snnet-train-shuff.cpp:232) ### Forward propagation buffer content :
[0] output of <Input>  ( min 0, max 0.497143, mean 0.000696944, variance 2.10985e-06, skewness 72.7883, kurtosis 19572.9 ) 
[1] output of <AffineTransform> ( min -4.01741, max 0.345927, mean -2.17403, variance 0.989885, skewness 0.070497, kurtosis -0.927985 ) 
[2] output of <Sigmoid> ( min 0.0176813, max 0.58563, mean 0.137106, variance 0.0121425, skewness 1.16002, kurtosis 0.932421 ) 
[3] output of <AffineTransform> ( min -1.81152, max 2.37563, mean 0.275953, variance 3.91455, skewness 0.00151362, kurtosis -1.97463 ) 
[4] output of <Softmax> ( min 0.0149622, max 0.985038, mean 0.5, variance 0.227415, skewness -4.13314e-09, kurtosis -1.98109 ) 

VLOG[1] (snnet-train-shuff:main():snnet-train-shuff.cpp:234) ### Backward propagation buffer content :
[0] diff of <Input>  ( min -4.8288, max 3.31848, mean -1.22308e-08, variance 0.000714808, skewness -57.4666, kurtosis 11650 ) 
[1] diff-output of <AffineTransform> ( min -0.395977, max 0.417002, mean 1.71719e-05, variance 9.44922e-05, skewness -0.244381, kurtosis 510.999 ) 
[2] diff-output of <Sigmoid> ( min -1.59835, max 1.66887, mean 0.0002143, variance 0.00216187, skewness 0.253734, kurtosis 303.311 ) 
[3] diff-output of <AffineTransform> ( min -0.310402, max 0.310402, mean -9.13133e-10, variance 0.00129493, skewness -4.00982e-07, kurtosis 45.5057 ) 
[4] diff-output of <Softmax> ( min -0.310402, max 0.310402, mean -9.13133e-10, variance 0.00129493, skewness -4.00982e-07, kurtosis 45.5057 ) 

VLOG[1] (snnet-train-shuff:main():snnet-train-shuff.cpp:235) ### Gradient stats :
Component 1 : <AffineTransform>, 
  linearity_grad ( min -0.150148, max 0.142234, mean 2.67715e-09, variance 1.27555e-06, skewness -1.31215, kurtosis 2785.47 ) , lr-coef 1, max-norm 0
  bias_grad ( min -1.69372, max 1.6075, mean -0.00184731, variance 0.116847, skewness -0.0292924, kurtosis 7.57262 ) , lr-coef 1
Component 2 : <Sigmoid>, 
Component 3 : <AffineTransform>, 
  linearity_grad ( min -0.682688, max 0.682687, mean -1.16793e-07, variance 0.0463971, skewness -1.6542e-06, kurtosis 0.18525 ) , lr-coef 1, max-norm 0
  bias_grad ( min -1.24849, max 1.24849, mean -8.9407e-07, variance 1.55874, skewness 0, kurtosis -2 ) , lr-coef 0.1
Component 4 : <Softmax>, 

LOG (snnet-train-shuff:main():snnet-train-shuff.cpp:243) Done 3696 files, 0 with no tgt_mats, 0 with other errors. [TRAINING, RANDOMIZED, 0.450251 min, fps13949]
LOG (snnet-train-shuff:main():snnet-train-shuff.cpp:252) AvgLoss: 0.0053898 (Xent), [AvgXent: 0.108637, AvgTargetEnt: 0.103247]
progress: [0.00539361 ]

FRAME_ACCURACY >> 99.5444% <<
LOG (snnet-train-shuff:PrintProfile():cu-device.cc:360) -----
[cudevice profile]
Sum	0.0404341s
Set	0.068028s
AddVec	0.121819s
AddMat	0.133477s
CuVector::SetZero	0.153799s
Randomize	0.173756s
FindRowMaxId	0.196901s
CuVector::Resize	0.236967s
CuMatrix::SetZero	0.248615s
Destroy	0.263983s
AddRowSumMat	0.351054s
CuMatrix::Resize	0.484329s
CuMatrixBase::CopyFromMat(from other CuMatrixBase)	0.513917s
CuMatrixBase::CopyFromMat(from CPU)	1.21141s
AddMatMat	1.75708s
Total GPU time:	6.2221s (may involve some double-counting)
-----
LOG (snnet-train-shuff:PrintMemoryUsage():cu-device.cc:334) Memory used: 1273872384 bytes.
TRAIN AVG.LOSS 0.0054, snnet-train-shuff --learn-rate=0.004 --momentum=0.9 --l1-penalty=0 --l2-penalty=0 --minibatch-size=256 --randomizer-size=32768 --randomize=true --verbose=1 --binary=true --randomizer-seed=782 --cross-validate=true --negative-num=100 ark:data/bottleneck//dev.ark ark:data/bottleneck//dev.lab 'ark:lattice-to-nbest --n=1 --random=false ark:data/bottleneck//dev.lat ark:- | lattice-to-vec ark:- ark:- |' /tmp/tmp.n1wcDncJLw/nnet/nnet.003 
LOG (snnet-train-shuff:Init():nnet-randomizer.cc:31) Seeding by srand with : 782
lattice-to-nbest --n=1 --random=false ark:data/bottleneck//dev.lat ark:- 
lattice-to-vec ark:- ark:- 
LOG (snnet-train-shuff:SelectGpuIdAuto():cu-device.cc:262) Selecting from 1 GPUs
LOG (snnet-train-shuff:SelectGpuIdAuto():cu-device.cc:277) cudaSetDevice(0): GeForce GTX 780	free:2110M, used:960M, total:3071M, free/total:0.687312
LOG (snnet-train-shuff:SelectGpuIdAuto():cu-device.cc:310) Selected device: 0 (automatically)
LOG (snnet-train-shuff:FinalizeActiveGpu():cu-device.cc:194) The active GPU is [0]: GeForce GTX 780	free:2096M, used:974M, total:3071M, free/total:0.682753 version 3.5
LOG (snnet-train-shuff:PrintMemoryUsage():cu-device.cc:334) Memory used: 0 bytes.
LOG (snnet-train-shuff:DisableCaching():cu-device.cc:731) Disabling caching of GPU memory.
LOG (snnet-train-shuff:main():snnet-train-shuff.cpp:113) CROSS-VALIDATION STARTED
VLOG[1] (snnet-train-shuff:main():snnet-train-shuff.cpp:206) ### After 0 frames,
VLOG[1] (snnet-train-shuff:main():snnet-train-shuff.cpp:207) ### Forward propagation buffer content :
[0] output of <Input>  ( min 0, max 0.161111, mean 0.00071822, variance 1.82029e-06, skewness 11.4066, kurtosis 717.006 ) 
[1] output of <AffineTransform> ( min -4.00694, max 0.354544, mean -2.17375, variance 0.990341, skewness 0.0713065, kurtosis -0.926046 ) 
[2] output of <Sigmoid> ( min 0.0178641, max 0.587719, mean 0.13715, variance 0.0121602, skewness 1.16354, kurtosis 0.952767 ) 
[3] output of <AffineTransform> ( min -1.86418, max 2.42272, mean 0.27681, variance 4.19552, skewness 0.00110043, kurtosis -1.97769 ) 
[4] output of <Softmax> ( min 0.0135798, max 0.98642, mean 0.5, variance 0.230288, skewness 1.11648e-08, kurtosis -1.98501 ) 

LOG (lattice-to-nbest:main():lattice-to-nbest.cc:123) Done applying N-best algorithm to 400 lattices with n = 1, average actual #paths is 1
VLOG[1] (snnet-train-shuff:main():snnet-train-shuff.cpp:231) ### After 40704 frames,
VLOG[1] (snnet-train-shuff:main():snnet-train-shuff.cpp:232) ### Forward propagation buffer content :
[0] output of <Input>  ( min 0, max 0.197568, mean 0.00067094, variance 1.58445e-06, skewness 19.1287, kurtosis 1896.18 ) 
[1] output of <AffineTransform> ( min -4.00793, max 0.352645, mean -2.17381, variance 0.990307, skewness 0.0714175, kurtosis -0.92576 ) 
[2] output of <Sigmoid> ( min 0.0178466, max 0.587259, mean 0.137142, variance 0.0121596, skewness 1.16401, kurtosis 0.955607 ) 
[3] output of <AffineTransform> ( min -1.86457, max 2.42015, mean 0.276765, variance 4.21348, skewness 0.00102713, kurtosis -1.98131 ) 
[4] output of <Softmax> ( min 0.0135903, max 0.98641, mean 0.5, variance 0.231405, skewness -4.03615e-09, kurtosis -1.99083 ) 

LOG (snnet-train-shuff:main():snnet-train-shuff.cpp:243) Done 400 files, 0 with no tgt_mats, 0 with other errors. [CROSS-VALIDATION, RANDOMIZED, 0.0684384 min, fps9912.57]
LOG (snnet-train-shuff:main():snnet-train-shuff.cpp:252) AvgLoss: 0.00615032 (Xent), [AvgXent: 0.10936, AvgTargetEnt: 0.10321]

FRAME_ACCURACY >> 99.7617% <<
LOG (snnet-train-shuff:PrintProfile():cu-device.cc:360) -----
[cudevice profile]
CuArray::CopyToVecD2H	0.00380683s
CuMatrix::CopyToMatD2H	0.00412154s
Sum	0.00430512s
AddVecToRows	0.00478935s
Set	0.00781465s
CuVector::SetZero	0.00961256s
AddRowSumMat	0.0114856s
CuVector::Resize	0.0164793s
CuMatrix::SetZero	0.0211465s
FindRowMaxId	0.021693s
Destroy	0.0317659s
CuMatrixBase::CopyFromMat(from other CuMatrixBase)	0.0563064s
CuMatrix::Resize	0.0653369s
AddMatMat	0.095922s
CuMatrixBase::CopyFromMat(from CPU)	0.132917s
Total GPU time:	0.510417s (may involve some double-counting)
-----
LOG (snnet-train-shuff:PrintMemoryUsage():cu-device.cc:334) Memory used: 644202496 bytes.
CROSSVAL AVG.LOSS 0.0062, nnet rejected (nnet.003_learnrate0.004_tr0.0000_cv0.0062_rejected)
snnet-train-shuff --learn-rate=0.002 --momentum=0.9 --l1-penalty=0 --l2-penalty=0 --minibatch-size=256 --randomizer-size=32768 --randomize=true --verbose=1 --binary=true --randomizer-seed=783 --negative-num=100 ark:data/bottleneck//train.ark ark:data/bottleneck//train.lab 'ark:lattice-to-nbest --n=1 --random=false ark:data/bottleneck//train.lat ark:- | lattice-to-vec ark:- ark:- |' /tmp/tmp.n1wcDncJLw/nnet/nnet.002_learnrate0.004_tr0.0000_cv0.0060 /tmp/tmp.n1wcDncJLw/nnet/nnet.004 
LOG (snnet-train-shuff:Init():nnet-randomizer.cc:31) Seeding by srand with : 783
lattice-to-nbest --n=1 --random=false ark:data/bottleneck//train.lat ark:- 
lattice-to-vec ark:- ark:- 
LOG (snnet-train-shuff:SelectGpuIdAuto():cu-device.cc:262) Selecting from 1 GPUs
LOG (snnet-train-shuff:SelectGpuIdAuto():cu-device.cc:277) cudaSetDevice(0): GeForce GTX 780	free:2110M, used:960M, total:3071M, free/total:0.687312
LOG (snnet-train-shuff:SelectGpuIdAuto():cu-device.cc:310) Selected device: 0 (automatically)
LOG (snnet-train-shuff:FinalizeActiveGpu():cu-device.cc:194) The active GPU is [0]: GeForce GTX 780	free:2096M, used:974M, total:3071M, free/total:0.682753 version 3.5
LOG (snnet-train-shuff:PrintMemoryUsage():cu-device.cc:334) Memory used: 0 bytes.
LOG (snnet-train-shuff:DisableCaching():cu-device.cc:731) Disabling caching of GPU memory.
LOG (snnet-train-shuff:main():snnet-train-shuff.cpp:113) TRAINING STARTED
VLOG[1] (snnet-train-shuff:main():snnet-train-shuff.cpp:206) ### After 0 frames,
VLOG[1] (snnet-train-shuff:main():snnet-train-shuff.cpp:207) ### Forward propagation buffer content :
[0] output of <Input>  ( min 0, max 0.174014, mean 0.000649972, variance 1.40264e-06, skewness 12.3328, kurtosis 997.316 ) 
[1] output of <AffineTransform> ( min -4.00789, max 0.202593, mean -2.17936, variance 0.96491, skewness 0.0193676, kurtosis -0.998405 ) 
[2] output of <Sigmoid> ( min 0.0178473, max 0.550476, mean 0.135599, variance 0.0112463, skewness 1.03643, kurtosis 0.502376 ) 
[3] output of <AffineTransform> ( min -1.69725, max 2.18185, mean 0.239791, variance 3.48945, skewness 0.00124542, kurtosis -1.98362 ) 
[4] output of <Softmax> ( min 0.0202628, max 0.979737, mean 0.5, variance 0.224952, skewness -1.14057e-08, kurtosis -1.99097 ) 

VLOG[1] (snnet-train-shuff:main():snnet-train-shuff.cpp:209) ### Backward propagation buffer content :
[0] diff of <Input>  ( min -4.85513, max 1.5521, mean 2.25885e-05, variance 0.000402743, skewness -104.143, kurtosis 15421.3 ) 
[1] diff-output of <AffineTransform> ( min -0.380172, max 0.399733, mean -1.2862e-05, variance 6.67405e-05, skewness -0.448277, kurtosis 588.71 ) 
[2] diff-output of <Sigmoid> ( min -1.52637, max 1.6164, mean 0.0001282, variance 0.00163288, skewness 1.01388, kurtosis 329.004 ) 
[3] diff-output of <AffineTransform> ( min -0.34116, max 0.34116, mean -1.27693e-09, variance 0.00117344, skewness 5.90404e-07, kurtosis 55.3379 ) 
[4] diff-output of <Softmax> ( min -0.34116, max 0.34116, mean -1.27693e-09, variance 0.00117344, skewness 5.90404e-07, kurtosis 55.3379 ) 

VLOG[1] (snnet-train-shuff:main():snnet-train-shuff.cpp:210) ### Gradient stats :
Component 1 : <AffineTransform>, 
  linearity_grad ( min -0.117543, max 0.122621, mean -2.22632e-06, variance 4.8961e-07, skewness -1.7526, kurtosis 5203.76 ) , lr-coef 1, max-norm 0
  bias_grad ( min -0.744217, max 0.745373, mean -0.00329267, variance 0.0233357, skewness -0.406595, kurtosis 7.52756 ) , lr-coef 1
Component 2 : <Sigmoid>, 
Component 3 : <AffineTransform>, 
  linearity_grad ( min -0.35058, max 0.350579, mean -4.64567e-08, variance 0.0116691, skewness -1.36905e-06, kurtosis 0.503739 ) , lr-coef 1, max-norm 0
  bias_grad ( min -0.643562, max 0.643561, mean -3.27826e-07, variance 0.414171, skewness 0, kurtosis -2 ) , lr-coef 0.1
Component 4 : <Softmax>, 

VLOG[1] (snnet-train-shuff:Eval():nnet-loss.cc:131) ProgressLoss[1h/1h]: 0.00542207 (Xent)
LOG (lattice-to-nbest:main():lattice-to-nbest.cc:123) Done applying N-best algorithm to 3696 lattices with n = 1, average actual #paths is 1
VLOG[1] (snnet-train-shuff:main():snnet-train-shuff.cpp:231) ### After 376832 frames,
VLOG[1] (snnet-train-shuff:main():snnet-train-shuff.cpp:232) ### Forward propagation buffer content :
[0] output of <Input>  ( min 0, max 0.153846, mean 0.000692194, variance 1.71458e-06, skewness 14.4857, kurtosis 1019.07 ) 
[1] output of <AffineTransform> ( min -4.01031, max 0.294098, mean -2.17182, variance 0.988841, skewness 0.0558422, kurtosis -0.957294 ) 
[2] output of <Sigmoid> ( min 0.017805, max 0.572999, mean 0.137295, variance 0.0120178, skewness 1.11352, kurtosis 0.738557 ) 
[3] output of <AffineTransform> ( min -1.72942, max 2.26031, mean 0.263222, variance 3.64477, skewness 0.00158098, kurtosis -1.97602 ) 
[4] output of <Softmax> ( min 0.0181685, max 0.981831, mean 0.5, variance 0.225587, skewness 4.38006e-09, kurtosis -1.98652 ) 

VLOG[1] (snnet-train-shuff:main():snnet-train-shuff.cpp:234) ### Backward propagation buffer content :
[0] diff of <Input>  ( min -7.26865, max 3.00912, mean 1.2637e-05, variance 0.000701084, skewness -113.937, kurtosis 23733.1 ) 
[1] diff-output of <AffineTransform> ( min -0.576121, max 0.60976, mean 2.04942e-07, variance 0.000102668, skewness 0.0134402, kurtosis 969.273 ) 
[2] diff-output of <Sigmoid> ( min -2.32537, max 2.43985, mean 0.000175658, variance 0.00237789, skewness 0.765146, kurtosis 566.575 ) 
[3] diff-output of <AffineTransform> ( min -0.47609, max 0.47609, mean 2.65572e-10, variance 0.00152655, skewness 1.80266e-07, kurtosis 90.7481 ) 
[4] diff-output of <Softmax> ( min -0.47609, max 0.47609, mean 2.65572e-10, variance 0.00152655, skewness 1.80266e-07, kurtosis 90.7481 ) 

VLOG[1] (snnet-train-shuff:main():snnet-train-shuff.cpp:235) ### Gradient stats :
Component 1 : <AffineTransform>, 
  linearity_grad ( min -0.137491, max 0.128662, mean -6.4083e-06, variance 9.25836e-07, skewness -2.52083, kurtosis 3417.8 ) , lr-coef 1, max-norm 0
  bias_grad ( min -0.757325, max 0.63992, mean -0.0129658, variance 0.0240782, skewness -0.933624, kurtosis 6.97275 ) , lr-coef 1
Component 2 : <Sigmoid>, 
Component 3 : <AffineTransform>, 
  linearity_grad ( min -0.47608, max 0.476078, mean -2.96109e-07, variance 0.0117526, skewness -9.88948e-06, kurtosis 2.4086 ) , lr-coef 1, max-norm 0
  bias_grad ( min -0.581302, max 0.581298, mean -2.05636e-06, variance 0.337909, skewness 0, kurtosis -2 ) , lr-coef 0.1
Component 4 : <Softmax>, 

LOG (snnet-train-shuff:main():snnet-train-shuff.cpp:243) Done 3696 files, 0 with no tgt_mats, 0 with other errors. [TRAINING, RANDOMIZED, 0.437772 min, fps14346.6]
LOG (snnet-train-shuff:main():snnet-train-shuff.cpp:252) AvgLoss: 0.00541611 (Xent), [AvgXent: 0.10872, AvgTargetEnt: 0.103304]
progress: [0.00542207 ]

FRAME_ACCURACY >> 99.5213% <<
LOG (snnet-train-shuff:PrintProfile():cu-device.cc:360) -----
[cudevice profile]
Sum	0.0398862s
Set	0.0677505s
AddVec	0.119908s
AddMat	0.133528s
CuVector::SetZero	0.15453s
Randomize	0.174536s
FindRowMaxId	0.196573s
CuVector::Resize	0.237608s
CuMatrix::SetZero	0.249729s
Destroy	0.268672s
AddRowSumMat	0.34839s
CuMatrix::Resize	0.488967s
CuMatrixBase::CopyFromMat(from other CuMatrixBase)	0.512662s
CuMatrixBase::CopyFromMat(from CPU)	1.20815s
AddMatMat	1.74361s
Total GPU time:	6.20973s (may involve some double-counting)
-----
LOG (snnet-train-shuff:PrintMemoryUsage():cu-device.cc:334) Memory used: 1273872384 bytes.
TRAIN AVG.LOSS 0.0054, snnet-train-shuff --learn-rate=0.002 --momentum=0.9 --l1-penalty=0 --l2-penalty=0 --minibatch-size=256 --randomizer-size=32768 --randomize=true --verbose=1 --binary=true --randomizer-seed=784 --cross-validate=true --negative-num=100 ark:data/bottleneck//dev.ark ark:data/bottleneck//dev.lab 'ark:lattice-to-nbest --n=1 --random=false ark:data/bottleneck//dev.lat ark:- | lattice-to-vec ark:- ark:- |' /tmp/tmp.n1wcDncJLw/nnet/nnet.004 
LOG (snnet-train-shuff:Init():nnet-randomizer.cc:31) Seeding by srand with : 784
lattice-to-nbest --n=1 --random=false ark:data/bottleneck//dev.lat ark:- 
lattice-to-vec ark:- ark:- 
LOG (snnet-train-shuff:SelectGpuIdAuto():cu-device.cc:262) Selecting from 1 GPUs
LOG (snnet-train-shuff:SelectGpuIdAuto():cu-device.cc:277) cudaSetDevice(0): GeForce GTX 780	free:2110M, used:960M, total:3071M, free/total:0.687312
LOG (snnet-train-shuff:SelectGpuIdAuto():cu-device.cc:310) Selected device: 0 (automatically)
LOG (snnet-train-shuff:FinalizeActiveGpu():cu-device.cc:194) The active GPU is [0]: GeForce GTX 780	free:2096M, used:974M, total:3071M, free/total:0.682753 version 3.5
LOG (snnet-train-shuff:PrintMemoryUsage():cu-device.cc:334) Memory used: 0 bytes.
LOG (snnet-train-shuff:DisableCaching():cu-device.cc:731) Disabling caching of GPU memory.
LOG (snnet-train-shuff:main():snnet-train-shuff.cpp:113) CROSS-VALIDATION STARTED
VLOG[1] (snnet-train-shuff:main():snnet-train-shuff.cpp:206) ### After 0 frames,
VLOG[1] (snnet-train-shuff:main():snnet-train-shuff.cpp:207) ### Forward propagation buffer content :
[0] output of <Input>  ( min 0, max 0.161111, mean 0.000717537, variance 1.82348e-06, skewness 11.3925, kurtosis 714.627 ) 
[1] output of <AffineTransform> ( min -4.00499, max 0.296002, mean -2.17162, variance 0.989077, skewness 0.0559707, kurtosis -0.957217 ) 
[2] output of <Sigmoid> ( min 0.0178982, max 0.573465, mean 0.137324, variance 0.0120248, skewness 1.11382, kurtosis 0.740722 ) 
[3] output of <AffineTransform> ( min -1.74261, max 2.27369, mean 0.263786, variance 3.70904, skewness 0.00120593, kurtosis -1.97879 ) 
[4] output of <Softmax> ( min 0.0177006, max 0.982299, mean 0.5, variance 0.226295, skewness -1.676e-09, kurtosis -1.98514 ) 

LOG (lattice-to-nbest:main():lattice-to-nbest.cc:123) Done applying N-best algorithm to 400 lattices with n = 1, average actual #paths is 1
VLOG[1] (snnet-train-shuff:main():snnet-train-shuff.cpp:231) ### After 40704 frames,
VLOG[1] (snnet-train-shuff:main():snnet-train-shuff.cpp:232) ### Forward propagation buffer content :
[0] output of <Input>  ( min 0, max 0.197568, mean 0.000671443, variance 1.58298e-06, skewness 19.1404, kurtosis 1899.49 ) 
[1] output of <AffineTransform> ( min -4.00782, max 0.300196, mean -2.1717, variance 0.989014, skewness 0.0560051, kurtosis -0.957169 ) 
[2] output of <Sigmoid> ( min 0.0178487, max 0.57449, mean 0.137313, variance 0.0120229, skewness 1.11388, kurtosis 0.741094 ) 
[3] output of <AffineTransform> ( min -1.77805, max 2.31008, mean 0.263654, variance 3.70582, skewness 0.00114155, kurtosis -1.98118 ) 
[4] output of <Softmax> ( min 0.016494, max 0.983506, mean 0.5, variance 0.226816, skewness 1.07728e-08, kurtosis -1.98825 ) 

LOG (snnet-train-shuff:main():snnet-train-shuff.cpp:243) Done 400 files, 0 with no tgt_mats, 0 with other errors. [CROSS-VALIDATION, RANDOMIZED, 0.0678453 min, fps9999.22]
LOG (snnet-train-shuff:main():snnet-train-shuff.cpp:252) AvgLoss: 0.00543557 (Xent), [AvgXent: 0.108291, AvgTargetEnt: 0.102856]

FRAME_ACCURACY >> 99.5848% <<
LOG (snnet-train-shuff:PrintProfile():cu-device.cc:360) -----
[cudevice profile]
CuArray::CopyToVecD2H	0.00384331s
Sum	0.00432873s
AddVecToRows	0.00457072s
CuMatrix::CopyToMatD2H	0.00472784s
Set	0.00779057s
CuVector::SetZero	0.0095191s
AddRowSumMat	0.0113325s
CuVector::Resize	0.0168753s
CuMatrix::SetZero	0.0210619s
FindRowMaxId	0.0217912s
Destroy	0.0313108s
CuMatrixBase::CopyFromMat(from other CuMatrixBase)	0.0557389s
CuMatrix::Resize	0.066277s
AddMatMat	0.0889299s
CuMatrixBase::CopyFromMat(from CPU)	0.133023s
Total GPU time:	0.503506s (may involve some double-counting)
-----
LOG (snnet-train-shuff:PrintMemoryUsage():cu-device.cc:334) Memory used: 644202496 bytes.
CROSSVAL AVG.LOSS 0.0054, nnet accepted (nnet.004_learnrate0.002_tr0.0000_cv0.0054)
snnet-train-shuff --learn-rate=0.001 --momentum=0.9 --l1-penalty=0 --l2-penalty=0 --minibatch-size=256 --randomizer-size=32768 --randomize=true --verbose=1 --binary=true --randomizer-seed=785 --negative-num=100 ark:data/bottleneck//train.ark ark:data/bottleneck//train.lab 'ark:lattice-to-nbest --n=1 --random=false ark:data/bottleneck//train.lat ark:- | lattice-to-vec ark:- ark:- |' /tmp/tmp.n1wcDncJLw/nnet/nnet.004_learnrate0.002_tr0.0000_cv0.0054 /tmp/tmp.n1wcDncJLw/nnet/nnet.005 
LOG (snnet-train-shuff:Init():nnet-randomizer.cc:31) Seeding by srand with : 785
lattice-to-nbest --n=1 --random=false ark:data/bottleneck//train.lat ark:- 
lattice-to-vec ark:- ark:- 
LOG (snnet-train-shuff:SelectGpuIdAuto():cu-device.cc:262) Selecting from 1 GPUs
LOG (snnet-train-shuff:SelectGpuIdAuto():cu-device.cc:277) cudaSetDevice(0): GeForce GTX 780	free:2110M, used:960M, total:3071M, free/total:0.687312
LOG (snnet-train-shuff:SelectGpuIdAuto():cu-device.cc:310) Selected device: 0 (automatically)
LOG (snnet-train-shuff:FinalizeActiveGpu():cu-device.cc:194) The active GPU is [0]: GeForce GTX 780	free:2096M, used:974M, total:3071M, free/total:0.682753 version 3.5
LOG (snnet-train-shuff:PrintMemoryUsage():cu-device.cc:334) Memory used: 0 bytes.
LOG (snnet-train-shuff:DisableCaching():cu-device.cc:731) Disabling caching of GPU memory.
LOG (snnet-train-shuff:main():snnet-train-shuff.cpp:113) TRAINING STARTED
VLOG[1] (snnet-train-shuff:main():snnet-train-shuff.cpp:206) ### After 0 frames,
VLOG[1] (snnet-train-shuff:main():snnet-train-shuff.cpp:207) ### Forward propagation buffer content :
[0] output of <Input>  ( min 0, max 0.151163, mean 0.000660762, variance 1.38607e-06, skewness 10.8681, kurtosis 966.201 ) 
[1] output of <AffineTransform> ( min -4.00727, max 0.296002, mean -2.17141, variance 0.989432, skewness 0.056192, kurtosis -0.957144 ) 
[2] output of <Sigmoid> ( min 0.0178583, max 0.573465, mean 0.137358, variance 0.0120343, skewness 1.11429, kurtosis 0.744289 ) 
[3] output of <AffineTransform> ( min -1.76623, max 2.29603, mean 0.264104, variance 3.75968, skewness 0.000428841, kurtosis -1.99472 ) 
[4] output of <Softmax> ( min 0.0169189, max 0.983081, mean 0.5, variance 0.229522, skewness -1.15134e-08, kurtosis -1.998 ) 

VLOG[1] (snnet-train-shuff:main():snnet-train-shuff.cpp:209) ### Backward propagation buffer content :
[0] diff of <Input>  ( min -2.77418, max 6.69283, mean -3.47994e-06, variance 0.000386943, skewness 184.694, kurtosis 51591.7 ) 
[1] diff-output of <AffineTransform> ( min -0.561323, max 0.535682, mean 1.97094e-06, variance 5.67102e-05, skewness 0.951207, kurtosis 2124.78 ) 
[2] diff-output of <Sigmoid> ( min -2.25538, max 2.14858, mean -4.9152e-05, variance 0.00131766, skewness -1.28089, kurtosis 1240.91 ) 
[3] diff-output of <AffineTransform> ( min -0.439931, max 0.439931, mean -2.62844e-09, variance 0.000845705, skewness -3.55264e-06, kurtosis 201.718 ) 
[4] diff-output of <Softmax> ( min -0.439931, max 0.439931, mean -2.62844e-09, variance 0.000845705, skewness -3.55264e-06, kurtosis 201.718 ) 

VLOG[1] (snnet-train-shuff:main():snnet-train-shuff.cpp:210) ### Gradient stats :
Component 1 : <AffineTransform>, 
  linearity_grad ( min -0.0717418, max 0.0682843, mean 4.4e-07, variance 1.60804e-07, skewness 1.36999, kurtosis 7395.84 ) , lr-coef 1, max-norm 0
  bias_grad ( min -0.353877, max 0.339546, mean 0.00050456, variance 0.00506774, skewness 0.155862, kurtosis 7.62612 ) , lr-coef 1
Component 2 : <Sigmoid>, 
Component 3 : <AffineTransform>, 
  linearity_grad ( min -0.135894, max 0.135893, mean -9.23337e-08, variance 0.00219058, skewness -6.21249e-06, kurtosis 0.229822 ) , lr-coef 1, max-norm 0
  bias_grad ( min -0.274888, max 0.274886, mean -6.70552e-07, variance 0.0755629, skewness 0, kurtosis -2 ) , lr-coef 0.1
Component 4 : <Softmax>, 

VLOG[1] (snnet-train-shuff:Eval():nnet-loss.cc:131) ProgressLoss[1h/1h]: 0.00503452 (Xent)
LOG (lattice-to-nbest:main():lattice-to-nbest.cc:123) Done applying N-best algorithm to 3696 lattices with n = 1, average actual #paths is 1
VLOG[1] (snnet-train-shuff:main():snnet-train-shuff.cpp:231) ### After 376832 frames,
VLOG[1] (snnet-train-shuff:main():snnet-train-shuff.cpp:232) ### Forward propagation buffer content :
[0] output of <Input>  ( min 0, max 0.153846, mean 0.000696439, variance 1.60507e-06, skewness 10.7455, kurtosis 715.357 ) 
[1] output of <AffineTransform> ( min -4.00983, max 0.32812, mean -2.16724, variance 1.00185, skewness 0.0727486, kurtosis -0.940692 ) 
[2] output of <Sigmoid> ( min 0.0178134, max 0.581302, mean 0.138265, variance 0.0124291, skewness 1.14338, kurtosis 0.815165 ) 
[3] output of <AffineTransform> ( min -1.74183, max 2.29367, mean 0.273452, variance 3.68341, skewness 0.00100678, kurtosis -1.98295 ) 
[4] output of <Softmax> ( min 0.0173698, max 0.98263, mean 0.5, variance 0.226745, skewness 5.02779e-09, kurtosis -1.98849 ) 

VLOG[1] (snnet-train-shuff:main():snnet-train-shuff.cpp:234) ### Backward propagation buffer content :
[0] diff of <Input>  ( min -3.79433, max 8.17695, mean -2.40816e-06, variance 0.0008739, skewness 114.278, kurtosis 27895.7 ) 
[1] diff-output of <AffineTransform> ( min -0.694667, max 0.664636, mean -5.48326e-06, variance 0.000122015, skewness 0.507387, kurtosis 1181.29 ) 
[2] diff-output of <Sigmoid> ( min -2.78479, max 2.66332, mean -0.000104447, variance 0.00276016, skewness -0.622519, kurtosis 705.197 ) 
[3] diff-output of <AffineTransform> ( min -0.525596, max 0.525596, mean 7.23958e-10, variance 0.00168819, skewness -1.67901e-06, kurtosis 110.387 ) 
[4] diff-output of <Softmax> ( min -0.525596, max 0.525596, mean 7.23958e-10, variance 0.00168819, skewness -1.67901e-06, kurtosis 110.387 ) 

VLOG[1] (snnet-train-shuff:main():snnet-train-shuff.cpp:235) ### Gradient stats :
Component 1 : <AffineTransform>, 
  linearity_grad ( min -0.27165, max 0.253527, mean -5.03799e-06, variance 1.66223e-06, skewness -3.19278, kurtosis 8765.83 ) , lr-coef 1, max-norm 0
  bias_grad ( min -2.09488, max 1.94885, mean -0.0098943, variance 0.181988, skewness -0.191824, kurtosis 7.24948 ) , lr-coef 1
Component 2 : <Sigmoid>, 
Component 3 : <AffineTransform>, 
  linearity_grad ( min -0.906415, max 0.906413, mean -2.30488e-07, variance 0.0763114, skewness -2.77783e-06, kurtosis 0.266843 ) , lr-coef 1, max-norm 0
  bias_grad ( min -1.58172, max 1.58172, mean -1.78814e-06, variance 2.50184, skewness 0, kurtosis -2 ) , lr-coef 0.1
Component 4 : <Softmax>, 

LOG (snnet-train-shuff:main():snnet-train-shuff.cpp:243) Done 3696 files, 0 with no tgt_mats, 0 with other errors. [TRAINING, RANDOMIZED, 0.436909 min, fps14374.9]
LOG (snnet-train-shuff:main():snnet-train-shuff.cpp:252) AvgLoss: 0.00504232 (Xent), [AvgXent: 0.108404, AvgTargetEnt: 0.103362]
progress: [0.00503452 ]

FRAME_ACCURACY >> 99.5637% <<
LOG (snnet-train-shuff:PrintProfile():cu-device.cc:360) -----
[cudevice profile]
AddVecToRows	0.0397339s
Set	0.06758s
AddVec	0.124505s
AddMat	0.133173s
CuVector::SetZero	0.152376s
Randomize	0.17318s
FindRowMaxId	0.194542s
CuVector::Resize	0.232902s
CuMatrix::SetZero	0.24596s
Destroy	0.267235s
AddRowSumMat	0.349273s
CuMatrix::Resize	0.490803s
CuMatrixBase::CopyFromMat(from other CuMatrixBase)	0.511163s
CuMatrixBase::CopyFromMat(from CPU)	1.22639s
AddMatMat	1.74698s
Total GPU time:	6.2191s (may involve some double-counting)
-----
LOG (snnet-train-shuff:PrintMemoryUsage():cu-device.cc:334) Memory used: 1273872384 bytes.
TRAIN AVG.LOSS 0.0050, snnet-train-shuff --learn-rate=0.001 --momentum=0.9 --l1-penalty=0 --l2-penalty=0 --minibatch-size=256 --randomizer-size=32768 --randomize=true --verbose=1 --binary=true --randomizer-seed=786 --cross-validate=true --negative-num=100 ark:data/bottleneck//dev.ark ark:data/bottleneck//dev.lab 'ark:lattice-to-nbest --n=1 --random=false ark:data/bottleneck//dev.lat ark:- | lattice-to-vec ark:- ark:- |' /tmp/tmp.n1wcDncJLw/nnet/nnet.005 
LOG (snnet-train-shuff:Init():nnet-randomizer.cc:31) Seeding by srand with : 786
lattice-to-nbest --n=1 --random=false ark:data/bottleneck//dev.lat ark:- 
lattice-to-vec ark:- ark:- 
LOG (snnet-train-shuff:SelectGpuIdAuto():cu-device.cc:262) Selecting from 1 GPUs
LOG (snnet-train-shuff:SelectGpuIdAuto():cu-device.cc:277) cudaSetDevice(0): GeForce GTX 780	free:2110M, used:960M, total:3071M, free/total:0.687312
LOG (snnet-train-shuff:SelectGpuIdAuto():cu-device.cc:310) Selected device: 0 (automatically)
LOG (snnet-train-shuff:FinalizeActiveGpu():cu-device.cc:194) The active GPU is [0]: GeForce GTX 780	free:2096M, used:974M, total:3071M, free/total:0.682753 version 3.5
LOG (snnet-train-shuff:PrintMemoryUsage():cu-device.cc:334) Memory used: 0 bytes.
LOG (snnet-train-shuff:DisableCaching():cu-device.cc:731) Disabling caching of GPU memory.
LOG (snnet-train-shuff:main():snnet-train-shuff.cpp:113) CROSS-VALIDATION STARTED
VLOG[1] (snnet-train-shuff:main():snnet-train-shuff.cpp:206) ### After 0 frames,
VLOG[1] (snnet-train-shuff:main():snnet-train-shuff.cpp:207) ### Forward propagation buffer content :
[0] output of <Input>  ( min 0, max 0.161111, mean 0.000717325, variance 1.81637e-06, skewness 11.4294, kurtosis 719.999 ) 
[1] output of <AffineTransform> ( min -4.00545, max 0.328026, mean -2.16727, variance 1.00186, skewness 0.0729049, kurtosis -0.940067 ) 
[2] output of <Sigmoid> ( min 0.0178903, max 0.581279, mean 0.138262, variance 0.0124305, skewness 1.14435, kurtosis 0.820308 ) 
[3] output of <AffineTransform> ( min -1.77452, max 2.32532, mean 0.273472, variance 3.75522, skewness 0.00114194, kurtosis -1.97888 ) 
[4] output of <Softmax> ( min 0.016305, max 0.983695, mean 0.5, variance 0.226806, skewness 1.23754e-08, kurtosis -1.98564 ) 

LOG (lattice-to-nbest:main():lattice-to-nbest.cc:123) Done applying N-best algorithm to 400 lattices with n = 1, average actual #paths is 1
VLOG[1] (snnet-train-shuff:main():snnet-train-shuff.cpp:231) ### After 40704 frames,
VLOG[1] (snnet-train-shuff:main():snnet-train-shuff.cpp:232) ### Forward propagation buffer content :
[0] output of <Input>  ( min 0, max 0.197568, mean 0.000671481, variance 1.58411e-06, skewness 19.1287, kurtosis 1896.91 ) 
[1] output of <AffineTransform> ( min -4.00781, max 0.326426, mean -2.16734, variance 1.00181, skewness 0.0729521, kurtosis -0.940066 ) 
[2] output of <Sigmoid> ( min 0.0178488, max 0.580889, mean 0.138253, variance 0.0124291, skewness 1.14436, kurtosis 0.820351 ) 
[3] output of <AffineTransform> ( min -1.75214, max 2.3044, mean 0.27346, variance 3.75024, skewness 0.00106878, kurtosis -1.9817 ) 
[4] output of <Softmax> ( min 0.0170143, max 0.982986, mean 0.5, variance 0.227404, skewness -5.30055e-09, kurtosis -1.98935 ) 

LOG (snnet-train-shuff:main():snnet-train-shuff.cpp:243) Done 400 files, 0 with no tgt_mats, 0 with other errors. [CROSS-VALIDATION, RANDOMIZED, 0.0643207 min, fps10547.1]
LOG (snnet-train-shuff:main():snnet-train-shuff.cpp:252) AvgLoss: 0.00533396 (Xent), [AvgXent: 0.108218, AvgTargetEnt: 0.102884]

FRAME_ACCURACY >> 99.6413% <<
LOG (snnet-train-shuff:PrintProfile():cu-device.cc:360) -----
[cudevice profile]
CuArray::CopyToVecD2H	0.00386858s
Sum	0.00431657s
AddVecToRows	0.004637s
CuMatrix::CopyToMatD2H	0.00469565s
Set	0.0076673s
CuVector::SetZero	0.00944495s
AddRowSumMat	0.0113034s
CuVector::Resize	0.0168223s
CuMatrix::SetZero	0.0211751s
FindRowMaxId	0.0216973s
Destroy	0.0317235s
CuMatrixBase::CopyFromMat(from other CuMatrixBase)	0.0582469s
CuMatrix::Resize	0.0644703s
AddMatMat	0.0918145s
CuMatrixBase::CopyFromMat(from CPU)	0.131726s
Total GPU time:	0.50623s (may involve some double-counting)
-----
LOG (snnet-train-shuff:PrintMemoryUsage():cu-device.cc:334) Memory used: 644202496 bytes.
CROSSVAL AVG.LOSS 0.0053, nnet accepted (nnet.005_learnrate0.001_tr0.0000_cv0.0053)
snnet-train-shuff --learn-rate=0.0005 --momentum=0.9 --l1-penalty=0 --l2-penalty=0 --minibatch-size=256 --randomizer-size=32768 --randomize=true --verbose=1 --binary=true --randomizer-seed=787 --negative-num=100 ark:data/bottleneck//train.ark ark:data/bottleneck//train.lab 'ark:lattice-to-nbest --n=1 --random=false ark:data/bottleneck//train.lat ark:- | lattice-to-vec ark:- ark:- |' /tmp/tmp.n1wcDncJLw/nnet/nnet.005_learnrate0.001_tr0.0000_cv0.0053 /tmp/tmp.n1wcDncJLw/nnet/nnet.006 
LOG (snnet-train-shuff:Init():nnet-randomizer.cc:31) Seeding by srand with : 787
lattice-to-nbest --n=1 --random=false ark:data/bottleneck//train.lat ark:- 
lattice-to-vec ark:- ark:- 
LOG (snnet-train-shuff:SelectGpuIdAuto():cu-device.cc:262) Selecting from 1 GPUs
LOG (snnet-train-shuff:SelectGpuIdAuto():cu-device.cc:277) cudaSetDevice(0): GeForce GTX 780	free:2110M, used:960M, total:3071M, free/total:0.687312
LOG (snnet-train-shuff:SelectGpuIdAuto():cu-device.cc:310) Selected device: 0 (automatically)
LOG (snnet-train-shuff:FinalizeActiveGpu():cu-device.cc:194) The active GPU is [0]: GeForce GTX 780	free:2096M, used:974M, total:3071M, free/total:0.682753 version 3.5
LOG (snnet-train-shuff:PrintMemoryUsage():cu-device.cc:334) Memory used: 0 bytes.
LOG (snnet-train-shuff:DisableCaching():cu-device.cc:731) Disabling caching of GPU memory.
LOG (snnet-train-shuff:main():snnet-train-shuff.cpp:113) TRAINING STARTED
VLOG[1] (snnet-train-shuff:main():snnet-train-shuff.cpp:206) ### After 0 frames,
VLOG[1] (snnet-train-shuff:main():snnet-train-shuff.cpp:207) ### Forward propagation buffer content :
[0] output of <Input>  ( min 0, max 0.13099, mean 0.000665406, variance 1.44005e-06, skewness 9.60662, kurtosis 598.079 ) 
[1] output of <AffineTransform> ( min -4.00751, max 0.327492, mean -2.16715, variance 1.00205, skewness 0.0729849, kurtosis -0.940251 ) 
[2] output of <Sigmoid> ( min 0.0178541, max 0.581149, mean 0.138282, variance 0.0124352, skewness 1.14425, kurtosis 0.820574 ) 
[3] output of <AffineTransform> ( min -1.73883, max 2.28846, mean 0.273751, variance 3.7714, skewness 0.000809627, kurtosis -1.9849 ) 
[4] output of <Softmax> ( min 0.0175104, max 0.98249, mean 0.5, variance 0.227794, skewness -1.803e-09, kurtosis -1.98884 ) 

VLOG[1] (snnet-train-shuff:main():snnet-train-shuff.cpp:209) ### Backward propagation buffer content :
[0] diff of <Input>  ( min -4.03611, max 4.32871, mean 1.85088e-06, variance 0.000440086, skewness 1.62296, kurtosis 16105.6 ) 
[1] diff-output of <AffineTransform> ( min -0.367732, max 0.349319, mean 1.06376e-05, variance 6.13996e-05, skewness -0.298295, kurtosis 679.009 ) 
[2] diff-output of <Sigmoid> ( min -1.47095, max 1.40596, mean 7.547e-05, variance 0.00138696, skewness -0.0136665, kurtosis 405.607 ) 
[3] diff-output of <AffineTransform> ( min -0.277528, max 0.277528, mean -1.06047e-09, variance 0.000848244, skewness 7.88956e-07, kurtosis 62.4163 ) 
[4] diff-output of <Softmax> ( min -0.277528, max 0.277528, mean -1.06047e-09, variance 0.000848244, skewness 7.88956e-07, kurtosis 62.4163 ) 

VLOG[1] (snnet-train-shuff:main():snnet-train-shuff.cpp:210) ### Gradient stats :
Component 1 : <AffineTransform>, 
  linearity_grad ( min -0.0372115, max 0.038895, mean 1.80585e-06, variance 8.25757e-08, skewness -1.02787, kurtosis 3171.76 ) , lr-coef 1, max-norm 0
  bias_grad ( min -0.548339, max 0.577658, mean 0.00272324, variance 0.0144356, skewness 0.102624, kurtosis 7.00003 ) , lr-coef 1
Component 2 : <Sigmoid>, 
Component 3 : <AffineTransform>, 
  linearity_grad ( min -0.24571, max 0.24571, mean -3.80632e-08, variance 0.00628947, skewness -1.60991e-06, kurtosis 0.192467 ) , lr-coef 1, max-norm 0
  bias_grad ( min -0.447512, max 0.447511, mean -2.83122e-07, variance 0.200266, skewness 0, kurtosis -2 ) , lr-coef 0.1
Component 4 : <Softmax>, 

VLOG[1] (snnet-train-shuff:Eval():nnet-loss.cc:131) ProgressLoss[1h/1h]: 0.00491344 (Xent)
LOG (lattice-to-nbest:main():lattice-to-nbest.cc:123) Done applying N-best algorithm to 3696 lattices with n = 1, average actual #paths is 1
VLOG[1] (snnet-train-shuff:main():snnet-train-shuff.cpp:231) ### After 376832 frames,
VLOG[1] (snnet-train-shuff:main():snnet-train-shuff.cpp:232) ### Forward propagation buffer content :
[0] output of <Input>  ( min 0, max 0.152941, mean 0.000680031, variance 1.35919e-06, skewness 5.9647, kurtosis 385.449 ) 
[1] output of <AffineTransform> ( min -4.005, max 0.335583, mean -2.16483, variance 1.00844, skewness 0.0806403, kurtosis -0.933523 ) 
[2] output of <Sigmoid> ( min 0.017898, max 0.583117, mean 0.138767, variance 0.0126355, skewness 1.15613, kurtosis 0.844815 ) 
[3] output of <AffineTransform> ( min -1.71192, max 2.2707, mean 0.278252, variance 3.68632, skewness 0.000232996, kurtosis -1.99589 ) 
[4] output of <Softmax> ( min 0.0182983, max 0.981702, mean 0.5, variance 0.228941, skewness 1.38488e-08, kurtosis -1.99856 ) 

VLOG[1] (snnet-train-shuff:main():snnet-train-shuff.cpp:234) ### Backward propagation buffer content :
[0] diff of <Input>  ( min -4.12689, max 8.44624, mean -1.4104e-07, variance 0.000657621, skewness 190.121, kurtosis 55242.5 ) 
[1] diff-output of <AffineTransform> ( min -0.723019, max 0.693444, mean -2.94259e-07, variance 8.98248e-05, skewness 1.28079, kurtosis 2379.63 ) 
[2] diff-output of <Sigmoid> ( min -2.89759, max 2.77646, mean -8.77221e-05, variance 0.00201111, skewness -0.900789, kurtosis 1435.37 ) 
[3] diff-output of <AffineTransform> ( min -0.538644, max 0.538644, mean 9.3678e-10, variance 0.00120245, skewness 2.80462e-06, kurtosis 224.435 ) 
[4] diff-output of <Softmax> ( min -0.538644, max 0.538644, mean 9.3678e-10, variance 0.00120245, skewness 2.80462e-06, kurtosis 224.435 ) 

VLOG[1] (snnet-train-shuff:main():snnet-train-shuff.cpp:235) ### Gradient stats :
Component 1 : <AffineTransform>, 
  linearity_grad ( min -0.119466, max 0.11331, mean -5.44988e-06, variance 1.19276e-06, skewness -1.19888, kurtosis 2036.82 ) , lr-coef 1, max-norm 0
  bias_grad ( min -1.80668, max 1.69628, mean -0.00884298, variance 0.137445, skewness -0.160786, kurtosis 7.20206 ) , lr-coef 1
Component 2 : <Sigmoid>, 
Component 3 : <AffineTransform>, 
  linearity_grad ( min -0.772316, max 0.772314, mean -2.78112e-07, variance 0.0572312, skewness -4.103e-06, kurtosis 0.276578 ) , lr-coef 1, max-norm 0
  bias_grad ( min -1.34782, max 1.34782, mean -2.02656e-06, variance 1.81663, skewness 0, kurtosis -2 ) , lr-coef 0.1
Component 4 : <Softmax>, 

LOG (snnet-train-shuff:main():snnet-train-shuff.cpp:243) Done 3696 files, 0 with no tgt_mats, 0 with other errors. [TRAINING, RANDOMIZED, 0.439429 min, fps14292.5]
LOG (snnet-train-shuff:main():snnet-train-shuff.cpp:252) AvgLoss: 0.00491725 (Xent), [AvgXent: 0.108239, AvgTargetEnt: 0.103321]
progress: [0.00491344 ]

FRAME_ACCURACY >> 99.5773% <<
LOG (snnet-train-shuff:PrintProfile():cu-device.cc:360) -----
[cudevice profile]
AddVecToRows	0.0435748s
Set	0.0725858s
AddVec	0.130576s
AddMat	0.13737s
CuVector::SetZero	0.168005s
Randomize	0.178903s
FindRowMaxId	0.206108s
CuVector::Resize	0.247257s
CuMatrix::SetZero	0.26797s
Destroy	0.31107s
AddRowSumMat	0.368949s
CuMatrixBase::CopyFromMat(from other CuMatrixBase)	0.57676s
CuMatrix::Resize	0.649389s
CuMatrixBase::CopyFromMat(from CPU)	1.23945s
AddMatMat	1.7494s
Total GPU time:	6.62504s (may involve some double-counting)
-----
LOG (snnet-train-shuff:PrintMemoryUsage():cu-device.cc:334) Memory used: 1304150016 bytes.
TRAIN AVG.LOSS 0.0049, snnet-train-shuff --learn-rate=0.0005 --momentum=0.9 --l1-penalty=0 --l2-penalty=0 --minibatch-size=256 --randomizer-size=32768 --randomize=true --verbose=1 --binary=true --randomizer-seed=788 --cross-validate=true --negative-num=100 ark:data/bottleneck//dev.ark ark:data/bottleneck//dev.lab 'ark:lattice-to-nbest --n=1 --random=false ark:data/bottleneck//dev.lat ark:- | lattice-to-vec ark:- ark:- |' /tmp/tmp.n1wcDncJLw/nnet/nnet.006 
LOG (snnet-train-shuff:Init():nnet-randomizer.cc:31) Seeding by srand with : 788
lattice-to-nbest --n=1 --random=false ark:data/bottleneck//dev.lat ark:- 
lattice-to-vec ark:- ark:- 
LOG (snnet-train-shuff:SelectGpuIdAuto():cu-device.cc:262) Selecting from 1 GPUs
LOG (snnet-train-shuff:SelectGpuIdAuto():cu-device.cc:277) cudaSetDevice(0): GeForce GTX 780	free:2082M, used:989M, total:3071M, free/total:0.67791
LOG (snnet-train-shuff:SelectGpuIdAuto():cu-device.cc:310) Selected device: 0 (automatically)
LOG (snnet-train-shuff:FinalizeActiveGpu():cu-device.cc:194) The active GPU is [0]: GeForce GTX 780	free:2068M, used:1003M, total:3071M, free/total:0.673352 version 3.5
LOG (snnet-train-shuff:PrintMemoryUsage():cu-device.cc:334) Memory used: 0 bytes.
LOG (snnet-train-shuff:DisableCaching():cu-device.cc:731) Disabling caching of GPU memory.
LOG (snnet-train-shuff:main():snnet-train-shuff.cpp:113) CROSS-VALIDATION STARTED
VLOG[1] (snnet-train-shuff:main():snnet-train-shuff.cpp:206) ### After 0 frames,
VLOG[1] (snnet-train-shuff:main():snnet-train-shuff.cpp:207) ### Forward propagation buffer content :
[0] output of <Input>  ( min 0, max 0.161111, mean 0.000716897, variance 1.81815e-06, skewness 11.4123, kurtosis 718.52 ) 
[1] output of <AffineTransform> ( min -4.00512, max 0.336412, mean -2.16513, variance 1.00798, skewness 0.0804603, kurtosis -0.933377 ) 
[2] output of <Sigmoid> ( min 0.0178961, max 0.583319, mean 0.138719, variance 0.0126237, skewness 1.15596, kurtosis 0.842499 ) 
[3] output of <AffineTransform> ( min -1.71895, max 2.278, mean 0.277711, variance 3.65477, skewness 0.00111814, kurtosis -1.97927 ) 
[4] output of <Softmax> ( min 0.0180401, max 0.98196, mean 0.5, variance 0.225927, skewness -3.71157e-09, kurtosis -1.98621 ) 

LOG (lattice-to-nbest:main():lattice-to-nbest.cc:123) Done applying N-best algorithm to 400 lattices with n = 1, average actual #paths is 1
VLOG[1] (snnet-train-shuff:main():snnet-train-shuff.cpp:231) ### After 40704 frames,
VLOG[1] (snnet-train-shuff:main():snnet-train-shuff.cpp:232) ### Forward propagation buffer content :
[0] output of <Input>  ( min 0, max 0.197568, mean 0.000671654, variance 1.58292e-06, skewness 19.1375, kurtosis 1899.6 ) 
[1] output of <AffineTransform> ( min -4.00781, max 0.339089, mean -2.16521, variance 1.00794, skewness 0.0805233, kurtosis -0.933194 ) 
[2] output of <Sigmoid> ( min 0.0178488, max 0.583969, mean 0.138709, variance 0.0126224, skewness 1.15628, kurtosis 0.844481 ) 
[3] output of <AffineTransform> ( min -1.73601, max 2.29767, mean 0.277644, variance 3.66527, skewness 0.00102271, kurtosis -1.98235 ) 
[4] output of <Softmax> ( min 0.017401, max 0.982599, mean 0.5, variance 0.22665, skewness -5.97601e-09, kurtosis -1.98968 ) 

LOG (snnet-train-shuff:main():snnet-train-shuff.cpp:243) Done 400 files, 0 with no tgt_mats, 0 with other errors. [CROSS-VALIDATION, RANDOMIZED, 0.0705632 min, fps9614.07]
LOG (snnet-train-shuff:main():snnet-train-shuff.cpp:252) AvgLoss: 0.00521285 (Xent), [AvgXent: 0.108339, AvgTargetEnt: 0.103126]

FRAME_ACCURACY >> 99.6167% <<
LOG (snnet-train-shuff:PrintProfile():cu-device.cc:360) -----
[cudevice profile]
CuArray::CopyToVecD2H	0.00367284s
Sum	0.00396061s
CuMatrix::CopyToMatD2H	0.00398755s
AddVecToRows	0.00449228s
Set	0.00768924s
CuVector::SetZero	0.00964141s
AddRowSumMat	0.0108123s
CuVector::Resize	0.0156662s
FindRowMaxId	0.0210159s
CuMatrix::SetZero	0.0241508s
Destroy	0.0276954s
CuMatrixBase::CopyFromMat(from other CuMatrixBase)	0.0559776s
CuMatrix::Resize	0.0621867s
AddMatMat	0.0889587s
CuMatrixBase::CopyFromMat(from CPU)	0.13169s
Total GPU time:	0.49395s (may involve some double-counting)
-----
LOG (snnet-train-shuff:PrintMemoryUsage():cu-device.cc:334) Memory used: 644202496 bytes.
CROSSVAL AVG.LOSS 0.0052, nnet accepted (nnet.006_learnrate0.0005_tr0.0000_cv0.0052)
snnet-train-shuff --learn-rate=0.00025 --momentum=0.9 --l1-penalty=0 --l2-penalty=0 --minibatch-size=256 --randomizer-size=32768 --randomize=true --verbose=1 --binary=true --randomizer-seed=789 --negative-num=100 ark:data/bottleneck//train.ark ark:data/bottleneck//train.lab 'ark:lattice-to-nbest --n=1 --random=false ark:data/bottleneck//train.lat ark:- | lattice-to-vec ark:- ark:- |' /tmp/tmp.n1wcDncJLw/nnet/nnet.006_learnrate0.0005_tr0.0000_cv0.0052 /tmp/tmp.n1wcDncJLw/nnet/nnet.007 
LOG (snnet-train-shuff:Init():nnet-randomizer.cc:31) Seeding by srand with : 789
lattice-to-nbest --n=1 --random=false ark:data/bottleneck//train.lat ark:- 
lattice-to-vec ark:- ark:- 
LOG (snnet-train-shuff:SelectGpuIdAuto():cu-device.cc:262) Selecting from 1 GPUs
LOG (snnet-train-shuff:SelectGpuIdAuto():cu-device.cc:277) cudaSetDevice(0): GeForce GTX 780	free:2082M, used:989M, total:3071M, free/total:0.67791
LOG (snnet-train-shuff:SelectGpuIdAuto():cu-device.cc:310) Selected device: 0 (automatically)
LOG (snnet-train-shuff:FinalizeActiveGpu():cu-device.cc:194) The active GPU is [0]: GeForce GTX 780	free:2068M, used:1003M, total:3071M, free/total:0.673352 version 3.5
LOG (snnet-train-shuff:PrintMemoryUsage():cu-device.cc:334) Memory used: 0 bytes.
LOG (snnet-train-shuff:DisableCaching():cu-device.cc:731) Disabling caching of GPU memory.
LOG (snnet-train-shuff:main():snnet-train-shuff.cpp:113) TRAINING STARTED
VLOG[1] (snnet-train-shuff:main():snnet-train-shuff.cpp:206) ### After 0 frames,
VLOG[1] (snnet-train-shuff:main():snnet-train-shuff.cpp:207) ### Forward propagation buffer content :
[0] output of <Input>  ( min 0, max 0.305755, mean 0.000651313, variance 1.6157e-06, skewness 32.8736, kurtosis 5478.9 ) 
[1] output of <AffineTransform> ( min -4.01037, max 0.335243, mean -2.16525, variance 1.00788, skewness 0.0804282, kurtosis -0.933361 ) 
[2] output of <Sigmoid> ( min 0.0178039, max 0.583034, mean 0.138702, variance 0.0126199, skewness 1.15596, kurtosis 0.842988 ) 
[3] output of <AffineTransform> ( min -1.71362, max 2.27318, mean 0.277678, variance 3.65283, skewness 0.00120143, kurtosis -1.9773 ) 
[4] output of <Softmax> ( min 0.018239, max 0.981761, mean 0.5, variance 0.225379, skewness 4.36699e-10, kurtosis -1.98301 ) 

VLOG[1] (snnet-train-shuff:main():snnet-train-shuff.cpp:209) ### Backward propagation buffer content :
[0] diff of <Input>  ( min -3.33746, max 6.82985, mean -2.46021e-07, variance 0.000923913, skewness 87.3892, kurtosis 16441 ) 
[1] diff-output of <AffineTransform> ( min -0.585351, max 0.560716, mean -1.32384e-06, variance 0.000126167, skewness 0.334321, kurtosis 706.736 ) 
[2] diff-output of <Sigmoid> ( min -2.3451, max 2.2465, mean -0.000146264, variance 0.00283006, skewness -0.415296, kurtosis 424.809 ) 
[3] diff-output of <AffineTransform> ( min -0.435876, max 0.435876, mean -1.13869e-09, variance 0.00169206, skewness -2.24651e-07, kurtosis 64.6438 ) 
[4] diff-output of <Softmax> ( min -0.435876, max 0.435876, mean -1.13869e-09, variance 0.00169206, skewness -2.24651e-07, kurtosis 64.6438 ) 

VLOG[1] (snnet-train-shuff:main():snnet-train-shuff.cpp:210) ### Gradient stats :
Component 1 : <AffineTransform>, 
  linearity_grad ( min -0.228512, max 0.217182, mean -8.72022e-09, variance 8.99358e-07, skewness 0.744989, kurtosis 14058.8 ) , lr-coef 1, max-norm 0
  bias_grad ( min -1.21972, max 1.16134, mean -0.000338902, variance 0.0610673, skewness 0.0428855, kurtosis 7.51447 ) , lr-coef 1
Component 2 : <Sigmoid>, 
Component 3 : <AffineTransform>, 
  linearity_grad ( min -0.444861, max 0.444861, mean -4.19375e-08, variance 0.0247073, skewness -9.23883e-07, kurtosis 0.194262 ) , lr-coef 1, max-norm 0
  bias_grad ( min -0.905474, max 0.905473, mean -2.98023e-07, variance 0.819883, skewness 0, kurtosis -2 ) , lr-coef 0.1
Component 4 : <Softmax>, 

VLOG[1] (snnet-train-shuff:Eval():nnet-loss.cc:131) ProgressLoss[1h/1h]: 0.0048581 (Xent)
LOG (lattice-to-nbest:main():lattice-to-nbest.cc:123) Done applying N-best algorithm to 3696 lattices with n = 1, average actual #paths is 1
VLOG[1] (snnet-train-shuff:main():snnet-train-shuff.cpp:231) ### After 376832 frames,
VLOG[1] (snnet-train-shuff:main():snnet-train-shuff.cpp:232) ### Forward propagation buffer content :
[0] output of <Input>  ( min 0, max 0.401515, mean 0.000710972, variance 1.84109e-06, skewness 31.9753, kurtosis 7139.85 ) 
[1] output of <AffineTransform> ( min -4.0085, max 0.339157, mean -2.16413, variance 1.0109, skewness 0.0838886, kurtosis -0.930664 ) 
[2] output of <Sigmoid> ( min 0.0178366, max 0.583986, mean 0.138935, variance 0.0127144, skewness 1.16066, kurtosis 0.848809 ) 
[3] output of <AffineTransform> ( min -1.69044, max 2.25473, mean 0.279702, variance 3.5504, skewness 0.000993769, kurtosis -1.98133 ) 
[4] output of <Softmax> ( min 0.0189806, max 0.981019, mean 0.5, variance 0.225544, skewness 2.3265e-09, kurtosis -1.99157 ) 

VLOG[1] (snnet-train-shuff:main():snnet-train-shuff.cpp:234) ### Backward propagation buffer content :
[0] diff of <Input>  ( min -3.72406, max 1.86691, mean -4.3323e-07, variance 0.000270999, skewness -91.327, kurtosis 16631 ) 
[1] diff-output of <AffineTransform> ( min -0.30703, max 0.323021, mean -7.3633e-06, variance 3.66259e-05, skewness -0.514133, kurtosis 726.07 ) 
[2] diff-output of <Sigmoid> ( min -1.23993, max 1.2925, mean 4.7121e-05, variance 0.000821835, skewness 0.391667, kurtosis 439.869 ) 
[3] diff-output of <AffineTransform> ( min -0.238588, max 0.238588, mean 1.16415e-10, variance 0.00048611, skewness 1.76635e-06, kurtosis 66.6191 ) 
[4] diff-output of <Softmax> ( min -0.238588, max 0.238588, mean 1.16415e-10, variance 0.00048611, skewness 1.76635e-06, kurtosis 66.6191 ) 

VLOG[1] (snnet-train-shuff:main():snnet-train-shuff.cpp:235) ### Gradient stats :
Component 1 : <AffineTransform>, 
  linearity_grad ( min -0.0952201, max 0.0987919, mean -5.25734e-06, variance 5.61407e-07, skewness -5.12728, kurtosis 3402.91 ) , lr-coef 1, max-norm 0
  bias_grad ( min -0.228254, max 0.173903, mean -0.00950361, variance 0.00265614, skewness -1.95396, kurtosis 7.45531 ) , lr-coef 1
Component 2 : <Sigmoid>, 
Component 3 : <AffineTransform>, 
  linearity_grad ( min -0.230539, max 0.230538, mean -3.7459e-08, variance 0.00180567, skewness -7.23933e-06, kurtosis 7.43303 ) , lr-coef 1, max-norm 0
  bias_grad ( min -0.17096, max 0.170959, mean -3.27826e-07, variance 0.0292271, skewness 0, kurtosis -2 ) , lr-coef 0.1
Component 4 : <Softmax>, 

LOG (snnet-train-shuff:main():snnet-train-shuff.cpp:243) Done 3696 files, 0 with no tgt_mats, 0 with other errors. [TRAINING, RANDOMIZED, 0.450738 min, fps13933.9]
LOG (snnet-train-shuff:main():snnet-train-shuff.cpp:252) AvgLoss: 0.00486159 (Xent), [AvgXent: 0.108125, AvgTargetEnt: 0.103264]
progress: [0.0048581 ]

FRAME_ACCURACY >> 99.5868% <<
LOG (snnet-train-shuff:PrintProfile():cu-device.cc:360) -----
[cudevice profile]
AddVecToRows	0.0427177s
Set	0.0730755s
AddVec	0.130472s
AddMat	0.138798s
CuVector::SetZero	0.171872s
Randomize	0.175384s
FindRowMaxId	0.208673s
CuVector::Resize	0.252805s
CuMatrix::SetZero	0.274378s
Destroy	0.287389s
AddRowSumMat	0.372898s
CuMatrix::Resize	0.563142s
CuMatrixBase::CopyFromMat(from other CuMatrixBase)	0.587216s
CuMatrixBase::CopyFromMat(from CPU)	1.28004s
AddMatMat	1.75405s
Total GPU time:	6.59267s (may involve some double-counting)
-----
LOG (snnet-train-shuff:PrintMemoryUsage():cu-device.cc:334) Memory used: 1242415104 bytes.
TRAIN AVG.LOSS 0.0049, snnet-train-shuff --learn-rate=0.00025 --momentum=0.9 --l1-penalty=0 --l2-penalty=0 --minibatch-size=256 --randomizer-size=32768 --randomize=true --verbose=1 --binary=true --randomizer-seed=790 --cross-validate=true --negative-num=100 ark:data/bottleneck//dev.ark ark:data/bottleneck//dev.lab 'ark:lattice-to-nbest --n=1 --random=false ark:data/bottleneck//dev.lat ark:- | lattice-to-vec ark:- ark:- |' /tmp/tmp.n1wcDncJLw/nnet/nnet.007 
LOG (snnet-train-shuff:Init():nnet-randomizer.cc:31) Seeding by srand with : 790
lattice-to-nbest --n=1 --random=false ark:data/bottleneck//dev.lat ark:- 
lattice-to-vec ark:- ark:- 
LOG (snnet-train-shuff:SelectGpuIdAuto():cu-device.cc:262) Selecting from 1 GPUs
LOG (snnet-train-shuff:SelectGpuIdAuto():cu-device.cc:277) cudaSetDevice(0): GeForce GTX 780	free:2112M, used:959M, total:3071M, free/total:0.687678
LOG (snnet-train-shuff:SelectGpuIdAuto():cu-device.cc:310) Selected device: 0 (automatically)
LOG (snnet-train-shuff:FinalizeActiveGpu():cu-device.cc:194) The active GPU is [0]: GeForce GTX 780	free:2098M, used:973M, total:3071M, free/total:0.68312 version 3.5
LOG (snnet-train-shuff:PrintMemoryUsage():cu-device.cc:334) Memory used: 0 bytes.
LOG (snnet-train-shuff:DisableCaching():cu-device.cc:731) Disabling caching of GPU memory.
LOG (snnet-train-shuff:main():snnet-train-shuff.cpp:113) CROSS-VALIDATION STARTED
VLOG[1] (snnet-train-shuff:main():snnet-train-shuff.cpp:206) ### After 0 frames,
VLOG[1] (snnet-train-shuff:main():snnet-train-shuff.cpp:207) ### Forward propagation buffer content :
[0] output of <Input>  ( min 0, max 0.161111, mean 0.000717093, variance 1.82206e-06, skewness 11.4009, kurtosis 715.696 ) 
[1] output of <AffineTransform> ( min -4.00587, max 0.338035, mean -2.16408, variance 1.01092, skewness 0.0838381, kurtosis -0.930899 ) 
[2] output of <Sigmoid> ( min 0.0178828, max 0.583713, mean 0.138941, variance 0.012715, skewness 1.16025, kurtosis 0.845945 ) 
[3] output of <AffineTransform> ( min -1.70435, max 2.26848, mean 0.279456, variance 3.53264, skewness 0.00111601, kurtosis -1.97949 ) 
[4] output of <Softmax> ( min 0.0184724, max 0.981528, mean 0.5, variance 0.224721, skewness -1.48047e-08, kurtosis -1.98663 ) 

LOG (lattice-to-nbest:main():lattice-to-nbest.cc:123) Done applying N-best algorithm to 400 lattices with n = 1, average actual #paths is 1
VLOG[1] (snnet-train-shuff:main():snnet-train-shuff.cpp:231) ### After 40704 frames,
VLOG[1] (snnet-train-shuff:main():snnet-train-shuff.cpp:232) ### Forward propagation buffer content :
[0] output of <Input>  ( min 0, max 0.197568, mean 0.000671276, variance 1.58179e-06, skewness 19.1559, kurtosis 1902.32 ) 
[1] output of <AffineTransform> ( min -4.00781, max 0.344065, mean -2.16415, variance 1.0109, skewness 0.0839681, kurtosis -0.930497 ) 
[2] output of <Sigmoid> ( min 0.0178487, max 0.585178, mean 0.138933, variance 0.0127149, skewness 1.16093, kurtosis 0.849998 ) 
[3] output of <AffineTransform> ( min -1.70658, max 2.26973, mean 0.279551, variance 3.55868, skewness 0.00100092, kurtosis -1.9829 ) 
[4] output of <Softmax> ( min 0.0184093, max 0.981591, mean 0.5, variance 0.225581, skewness 7.68237e-10, kurtosis -1.98973 ) 

LOG (snnet-train-shuff:main():snnet-train-shuff.cpp:243) Done 400 files, 0 with no tgt_mats, 0 with other errors. [CROSS-VALIDATION, RANDOMIZED, 0.0704727 min, fps9626.42]
LOG (snnet-train-shuff:main():snnet-train-shuff.cpp:252) AvgLoss: 0.00523343 (Xent), [AvgXent: 0.108162, AvgTargetEnt: 0.102928]

FRAME_ACCURACY >> 99.5897% <<
LOG (snnet-train-shuff:PrintProfile():cu-device.cc:360) -----
[cudevice profile]
CuArray::SetZero	0.00475121s
Sum	0.00504899s
Sigmoid	0.0057056s
AddVecToRows	0.00578547s
Set	0.00984812s
CuVector::SetZero	0.0122125s
AddRowSumMat	0.0139427s
CuVector::Resize	0.0193582s
FindRowMaxId	0.0266464s
CuMatrix::SetZero	0.0298698s
Destroy	0.0347586s
CuMatrix::Resize	0.0898113s
CuMatrixBase::CopyFromMat(from other CuMatrixBase)	0.0944695s
AddMatMat	0.103784s
CuMatrixBase::CopyFromMat(from CPU)	0.155789s
Total GPU time:	0.640496s (may involve some double-counting)
-----
LOG (snnet-train-shuff:PrintMemoryUsage():cu-device.cc:334) Memory used: 644202496 bytes.
CROSSVAL AVG.LOSS 0.0052, nnet rejected (nnet.007_learnrate0.00025_tr0.0000_cv0.0052_rejected)
finished, too small rel. improvement 0
train success
snnet-test ark:data/bottleneck//test.ark ark:data/bottleneck//test.lab 'ark:lattice-to-nbest --n=100 ark:data/bottleneck//test.lat ark:- | lattice-to-vec ark:- ark:- |' data/bottleneck//data_nn.model ark,t:data/bottleneck//test.tags 
lattice-to-nbest --n=100 ark:data/bottleneck//test.lat ark:- 
lattice-to-vec ark:- ark:- 
LOG (snnet-test:SelectGpuIdAuto():cu-device.cc:262) Selecting from 1 GPUs
LOG (snnet-test:SelectGpuIdAuto():cu-device.cc:277) cudaSetDevice(0): GeForce GTX 780	free:2112M, used:959M, total:3071M, free/total:0.687678
LOG (snnet-test:SelectGpuIdAuto():cu-device.cc:310) Selected device: 0 (automatically)
LOG (snnet-test:FinalizeActiveGpu():cu-device.cc:194) The active GPU is [0]: GeForce GTX 780	free:2098M, used:973M, total:3071M, free/total:0.68312 version 3.5
LOG (snnet-test:PrintMemoryUsage():cu-device.cc:334) Memory used: 0 bytes.
LOG (snnet-test:DisableCaching():cu-device.cc:731) Disabling caching of GPU memory.
LOG (snnet-test:main():snnet-test.cpp:70) PREDICT STARTED
LOG (lattice-to-nbest:main():lattice-to-nbest.cc:123) Done applying N-best algorithm to 192 lattices with n = 100, average actual #paths is 99.6042
LOG (snnet-test:main():snnet-test.cpp:153) Done 192 files in 0.527049min, (fps 610.823)
LOG (snnet-test:main():snnet-test.cpp:157) Total FER = 0.0309398
LOG (snnet-test:PrintProfile():cu-device.cc:360) -----
[cudevice profile]
CuVector::CopyFromVecH2D	3.09944e-05s
CopyToVec	4.69685e-05s
CuVector::SetZero	6.8903e-05s
CuVector::Resize	0.000162363s
ApplySoftMaxPerRow	0.0038166s
Sigmoid	0.00463915s
AddVecToRows	0.00781298s
CuMatrix::CopyToMatD2H	0.0133061s
CuMatrix::SetZero	0.0359144s
Destroy	0.0462062s
CuMatrixBase::CopyFromMat(from CPU)	0.104312s
CuMatrix::Resize	0.129751s
AddMatMat	0.138383s
CheckGpuHealth	0.139943s
Total GPU time:	0.624393s (may involve some double-counting)
-----
LOG (snnet-test:PrintMemoryUsage():cu-device.cc:334) Memory used: 7602176 bytes.
