snnet/train.sh --rand-lattice false --n-lattice 1 ark:data/lda_post//train.ark ark:data/lda_post//train.lab ark:data/lda_post//train.lat ark:data/lda_post//dev.ark ark:data/lda_post//dev.lab ark:data/lda_post//dev.lat data/lda_post//data_nn.model
copy-int-vector ark:data/lda_post//train.lab ark,t:- 
LOG (copy-int-vector:main():copy-int-vector.cc:83) Copied 3696 vectors of int32.
feat-to-dim ark:data/lda_post//train.ark - 
nnet-initialize /tmp/tmp.BfSSnJdqLk/nnet.proto /tmp/tmp.BfSSnJdqLk/nnet.init 
VLOG[1] (nnet-initialize:Init():nnet-nnet.cc:362) <NnetProto>
VLOG[1] (nnet-initialize:Init():nnet-nnet.cc:362) <AffineTransform> <InputDim> 4608 <OutputDim> 200 <BiasMean> -2.000000 <BiasRange> 4.000000 <ParamStddev> 0.020607 <MaxNorm> 0.000000
VLOG[1] (nnet-initialize:Init():nnet-nnet.cc:362) <Sigmoid> <InputDim> 200 <OutputDim> 200
VLOG[1] (nnet-initialize:Init():nnet-nnet.cc:362) <AffineTransform> <InputDim> 200 <OutputDim> 2 <BiasMean> 0.000000 <BiasRange> 0.000000 <ParamStddev> 0.348263 <LearnRateCoef> 1.000000 <BiasLearnRateCoef> 0.100000
VLOG[1] (nnet-initialize:Init():nnet-nnet.cc:362) <Softmax> <InputDim> 2 <OutputDim> 2
VLOG[1] (nnet-initialize:Init():nnet-nnet.cc:362) </NnetProto>
LOG (nnet-initialize:main():nnet-initialize.cc:64) Written initialized model to /tmp/tmp.BfSSnJdqLk/nnet.init
snnet-train-shuff --learn-rate=0.004 --momentum=0.9 --l1-penalty=0 --l2-penalty=0 --minibatch-size=256 --randomizer-size=32768 --randomize=true --verbose=1 --binary=true --randomizer-seed=777 --negative-num=100 ark:data/lda_post//train.ark ark:data/lda_post//train.lab 'ark:lattice-to-nbest --n=1 --random=false ark:data/lda_post//train.lat ark:- | lattice-to-vec ark:- ark:- |' /tmp/tmp.BfSSnJdqLk/nnet.init /tmp/tmp.BfSSnJdqLk/nnet/nnet.001 
LOG (snnet-train-shuff:Init():nnet-randomizer.cc:31) Seeding by srand with : 777
lattice-to-nbest --n=1 --random=false ark:data/lda_post//train.lat ark:- 
lattice-to-vec ark:- ark:- 
LOG (snnet-train-shuff:SelectGpuIdAuto():cu-device.cc:262) Selecting from 1 GPUs
LOG (snnet-train-shuff:SelectGpuIdAuto():cu-device.cc:277) cudaSetDevice(0): GeForce GTX 780	free:2225M, used:845M, total:3071M, free/total:0.724615
LOG (snnet-train-shuff:SelectGpuIdAuto():cu-device.cc:310) Selected device: 0 (automatically)
LOG (snnet-train-shuff:FinalizeActiveGpu():cu-device.cc:194) The active GPU is [0]: GeForce GTX 780	free:2211M, used:859M, total:3071M, free/total:0.720057 version 3.5
LOG (snnet-train-shuff:PrintMemoryUsage():cu-device.cc:334) Memory used: 0 bytes.
LOG (snnet-train-shuff:DisableCaching():cu-device.cc:731) Disabling caching of GPU memory.
LOG (snnet-train-shuff:main():snnet-train-shuff.cpp:113) TRAINING STARTED
VLOG[1] (snnet-train-shuff:main():snnet-train-shuff.cpp:206) ### After 0 frames,
VLOG[1] (snnet-train-shuff:main():snnet-train-shuff.cpp:207) ### Forward propagation buffer content :
[0] output of <Input>  ( min -280.165, max 0.151331, mean -1.36714, variance 195.264, skewness -11.0519, kurtosis 131.5 ) 
[1] output of <AffineTransform> ( min -106.01, max 93.228, mean -2.03065, variance 410.488, skewness -0.0511991, kurtosis 0.745168 ) 
[2] output of <Sigmoid> ( min 0, max 1, mean 0.476572, variance 0.227314, skewness 0.0895862, kurtosis -1.92864 ) 
[3] output of <AffineTransform> ( min -0.190477, max 5.7155, mean 1.81663, variance 0.489701, skewness 0.17423, kurtosis 0.575559 ) 
[4] output of <Softmax> ( min 0.0126245, max 0.987375, mean 0.5, variance 0.0770947, skewness -6.39457e-09, kurtosis -1.76384 ) 

VLOG[1] (snnet-train-shuff:main():snnet-train-shuff.cpp:209) ### Backward propagation buffer content :
[0] diff of <Input>  ( min -0.0193152, max 0.0195577, mean 2.74142e-05, variance 4.18626e-06, skewness 0.0270753, kurtosis 3.04348 ) 
[1] diff-output of <AffineTransform> ( min -0.136843, max 0.0968951, mean -0.000536177, variance 4.83541e-05, skewness -4.52137, kurtosis 62.6277 ) 
[2] diff-output of <Sigmoid> ( min -0.831276, max 0.742759, mean -0.0107057, variance 0.0114731, skewness -0.0480728, kurtosis 2.04254 ) 
[3] diff-output of <AffineTransform> ( min -0.671584, max 0.671584, mean 5.09317e-10, variance 0.0539036, skewness 2.9425e-08, kurtosis -1.10514 ) 
[4] diff-output of <Softmax> ( min -0.671584, max 0.671584, mean 5.09317e-10, variance 0.0539036, skewness 2.9425e-08, kurtosis -1.10514 ) 

VLOG[1] (snnet-train-shuff:main():snnet-train-shuff.cpp:210) ### Gradient stats :
Component 1 : <AffineTransform>, 
  linearity_grad ( min -681.113, max 1475.22, mean 0.163945, variance 302.126, skewness 41.435, kurtosis 3623.95 ) , lr-coef 1, max-norm 0
  bias_grad ( min -12.743, max 5.88626, mean -0.137261, variance 2.12032, skewness -3.94612, kurtosis 33.9374 ) , lr-coef 1
Component 2 : <Sigmoid>, 
Component 3 : <AffineTransform>, 
  linearity_grad ( min -54.8053, max 54.8053, mean 8.86993e-08, variance 1321.05, skewness 1.94062e-08, kurtosis -0.883156 ) , lr-coef 1, max-norm 0
  bias_grad ( min -54.3357, max 54.3357, mean 0, variance 2952.36, skewness 0, kurtosis -2 ) , lr-coef 0.1
Component 4 : <Softmax>, 

VLOG[1] (snnet-train-shuff:Eval():nnet-loss.cc:131) ProgressLoss[1h/1h]: 1.98304 (Xent)
LOG (lattice-to-nbest:main():lattice-to-nbest.cc:123) Done applying N-best algorithm to 3696 lattices with n = 1, average actual #paths is 1
VLOG[1] (snnet-train-shuff:main():snnet-train-shuff.cpp:231) ### After 376832 frames,
VLOG[1] (snnet-train-shuff:main():snnet-train-shuff.cpp:232) ### Forward propagation buffer content :
[0] output of <Input>  ( min -326.054, max 0.293987, mean -1.42453, variance 214.73, skewness -11.2421, kurtosis 138.616 ) 
[1] output of <AffineTransform> ( min -398055, max 860185, mean 2512.07, variance 2.30588e+09, skewness 4.1213, kurtosis 44.9526 ) 
[2] output of <Sigmoid> ( min 0, max 1, mean 0.375, variance 0.234375, skewness 0.516398, kurtosis -1.73333 ) 
[3] output of <AffineTransform> ( min -223.707, max 220.822, mean -1.44221, variance 49401.5, skewness 0, kurtosis -2 ) 
[4] output of <Softmax> ( min 0, max 1, mean 0.5, variance 0.25, skewness 0, kurtosis -2 ) 

VLOG[1] (snnet-train-shuff:main():snnet-train-shuff.cpp:234) ### Backward propagation buffer content :
[0] diff of <Input>  ( min -9.86484e-13, max 8.40789e-13, mean 1.43989e-17, variance 2.40499e-28, skewness 0.271612, kurtosis -nan ) 
[1] diff-output of <AffineTransform> ( min -1.36585e-17, max 1.21397e-11, mean 2.75136e-16, variance 2.94222e-27, skewness 219.65, kurtosis inf ) 
[2] diff-output of <Sigmoid> ( min -9.09074, max 15.8763, mean 0.103681, variance 0.120224, skewness 15.6939, kurtosis 382.076 ) 
[3] diff-output of <AffineTransform> ( min -1, max 1, mean -9.90894e-10, variance 0.0057322, skewness 4.30931e-10, kurtosis 119.63 ) 
[4] diff-output of <Softmax> ( min -1, max 1, mean -9.90894e-10, variance 0.0057322, skewness 4.30931e-10, kurtosis 119.63 ) 

VLOG[1] (snnet-train-shuff:main():snnet-train-shuff.cpp:235) ### Gradient stats :
Component 1 : <AffineTransform>, 
  linearity_grad ( min -0.000121182, max 1.50592e-07, mean -2.43588e-09, variance 2.87211e-13, skewness -225.805, kurtosis 51051.1 ) , lr-coef 1, max-norm 0
  bias_grad ( min -8.70425e-15, max 7.17708e-07, mean 3.69403e-09, variance 2.5641e-15, skewness 14.0178, kurtosis 194.663 ) , lr-coef 1
Component 2 : <Sigmoid>, 
Component 3 : <AffineTransform>, 
  linearity_grad ( min -61.7113, max 61.7113, mean -3.57628e-06, variance 1428.11, skewness -4.34281e-07, kurtosis -0.333333 ) , lr-coef 1, max-norm 0
  bias_grad ( min -61.7112, max 61.7112, mean 0, variance 3808.28, skewness 0, kurtosis -2 ) , lr-coef 0.1
Component 4 : <Softmax>, 

LOG (snnet-train-shuff:main():snnet-train-shuff.cpp:243) Done 3696 files, 0 with no tgt_mats, 0 with other errors. [TRAINING, RANDOMIZED, 0.449876 min, fps13960.6]
LOG (snnet-train-shuff:main():snnet-train-shuff.cpp:252) AvgLoss: 1.9743 (Xent), [AvgXent: 2.07762, AvgTargetEnt: 0.103322]
progress: [1.98304 ]

FRAME_ACCURACY >> 95.7366% <<
LOG (snnet-train-shuff:PrintProfile():cu-device.cc:360) -----
[cudevice profile]
AddVecToRows	0.0415351s
Set	0.0694778s
AddVec	0.127594s
AddMat	0.135589s
CuVector::SetZero	0.157635s
Randomize	0.178133s
FindRowMaxId	0.197958s
CuVector::Resize	0.234466s
CuMatrix::SetZero	0.25771s
Destroy	0.304733s
AddRowSumMat	0.359047s
CuMatrix::Resize	0.536194s
CuMatrixBase::CopyFromMat(from other CuMatrixBase)	0.540806s
CuMatrixBase::CopyFromMat(from CPU)	1.22425s
AddMatMat	1.78756s
Total GPU time:	6.43012s (may involve some double-counting)
-----
LOG (snnet-train-shuff:PrintMemoryUsage():cu-device.cc:334) Memory used: 1264435200 bytes.
TRAIN AVG.LOSS 1.9743, snnet-train-shuff --learn-rate=0.004 --momentum=0.9 --l1-penalty=0 --l2-penalty=0 --minibatch-size=256 --randomizer-size=32768 --randomize=true --verbose=1 --binary=true --randomizer-seed=778 --cross-validate=true --negative-num=100 ark:data/lda_post//dev.ark ark:data/lda_post//dev.lab 'ark:lattice-to-nbest --n=1 --random=false ark:data/lda_post//dev.lat ark:- | lattice-to-vec ark:- ark:- |' /tmp/tmp.BfSSnJdqLk/nnet/nnet.001 
LOG (snnet-train-shuff:Init():nnet-randomizer.cc:31) Seeding by srand with : 778
lattice-to-nbest --n=1 --random=false ark:data/lda_post//dev.lat ark:- 
lattice-to-vec ark:- ark:- 
LOG (snnet-train-shuff:SelectGpuIdAuto():cu-device.cc:262) Selecting from 1 GPUs
LOG (snnet-train-shuff:SelectGpuIdAuto():cu-device.cc:277) cudaSetDevice(0): GeForce GTX 780	free:2234M, used:836M, total:3071M, free/total:0.727545
LOG (snnet-train-shuff:SelectGpuIdAuto():cu-device.cc:310) Selected device: 0 (automatically)
LOG (snnet-train-shuff:FinalizeActiveGpu():cu-device.cc:194) The active GPU is [0]: GeForce GTX 780	free:2220M, used:850M, total:3071M, free/total:0.722987 version 3.5
LOG (snnet-train-shuff:PrintMemoryUsage():cu-device.cc:334) Memory used: 0 bytes.
LOG (snnet-train-shuff:DisableCaching():cu-device.cc:731) Disabling caching of GPU memory.
LOG (snnet-train-shuff:main():snnet-train-shuff.cpp:113) CROSS-VALIDATION STARTED
VLOG[1] (snnet-train-shuff:main():snnet-train-shuff.cpp:206) ### After 0 frames,
VLOG[1] (snnet-train-shuff:main():snnet-train-shuff.cpp:207) ### Forward propagation buffer content :
[0] output of <Input>  ( min -210.124, max 0.161111, mean -1.57048, variance 264.647, skewness -11.023, kurtosis 125.745 ) 
[1] output of <AffineTransform> ( min -273625, max 591350, mean 2769.61, variance 2.83413e+09, skewness 4.07112, kurtosis 41.9177 ) 
[2] output of <Sigmoid> ( min 0, max 1, mean 0.375, variance 0.234375, skewness 0.516398, kurtosis -1.73333 ) 
[3] output of <AffineTransform> ( min -242.245, max 239.36, mean -1.44221, variance 57985.8, skewness 0, kurtosis -2 ) 
[4] output of <Softmax> ( min 0, max 1, mean 0.5, variance 0.25, skewness 0, kurtosis -2 ) 

LOG (lattice-to-nbest:main():lattice-to-nbest.cc:123) Done applying N-best algorithm to 400 lattices with n = 1, average actual #paths is 1
VLOG[1] (snnet-train-shuff:main():snnet-train-shuff.cpp:231) ### After 40704 frames,
VLOG[1] (snnet-train-shuff:main():snnet-train-shuff.cpp:232) ### Forward propagation buffer content :
[0] output of <Input>  ( min -211.297, max 0.197568, mean -1.35935, variance 193.048, skewness -11.0818, kurtosis 132.491 ) 
[1] output of <AffineTransform> ( min -275154, max 594654, mean 2396.86, variance 2.08333e+09, skewness 4.10783, kurtosis 44.5448 ) 
[2] output of <Sigmoid> ( min 0, max 1, mean 0.375, variance 0.234375, skewness 0.516398, kurtosis -1.73333 ) 
[3] output of <AffineTransform> ( min -242.245, max 239.36, mean -1.44221, variance 57985.8, skewness 0, kurtosis -2 ) 
[4] output of <Softmax> ( min 0, max 1, mean 0.5, variance 0.25, skewness 0, kurtosis -2 ) 

LOG (snnet-train-shuff:main():snnet-train-shuff.cpp:243) Done 400 files, 0 with no tgt_mats, 0 with other errors. [CROSS-VALIDATION, RANDOMIZED, 0.0656881 min, fps10327.6]
LOG (snnet-train-shuff:main():snnet-train-shuff.cpp:252) AvgLoss: 1.41502 (Xent), [AvgXent: 1.51824, AvgTargetEnt: 0.103217]

FRAME_ACCURACY >> 99.0075% <<
LOG (snnet-train-shuff:PrintProfile():cu-device.cc:360) -----
[cudevice profile]
CuArray::CopyToVecD2H	0.00388002s
CuMatrix::CopyToMatD2H	0.00409675s
Sum	0.0045228s
AddVecToRows	0.00462341s
Set	0.00785637s
CuVector::SetZero	0.00958014s
AddRowSumMat	0.011426s
CuVector::Resize	0.0166774s
CuMatrix::SetZero	0.0210977s
FindRowMaxId	0.0218461s
Destroy	0.03181s
CuMatrixBase::CopyFromMat(from other CuMatrixBase)	0.0570631s
CuMatrix::Resize	0.0702605s
AddMatMat	0.0924335s
CuMatrixBase::CopyFromMat(from CPU)	0.134779s
Total GPU time:	0.515166s (may involve some double-counting)
-----
LOG (snnet-train-shuff:PrintMemoryUsage():cu-device.cc:334) Memory used: 644202496 bytes.
CROSSVAL AVG.LOSS 1.4150, nnet accepted (nnet.001_learnrate0.004_tr0.0000_cv1.4150_keep-lr-iters-1)
snnet-train-shuff --learn-rate=0.004 --momentum=0.9 --l1-penalty=0 --l2-penalty=0 --minibatch-size=256 --randomizer-size=32768 --randomize=true --verbose=1 --binary=true --randomizer-seed=779 --negative-num=100 ark:data/lda_post//train.ark ark:data/lda_post//train.lab 'ark:lattice-to-nbest --n=1 --random=false ark:data/lda_post//train.lat ark:- | lattice-to-vec ark:- ark:- |' /tmp/tmp.BfSSnJdqLk/nnet/nnet.001_learnrate0.004_tr0.0000_cv1.4150_keep-lr-iters-1 /tmp/tmp.BfSSnJdqLk/nnet/nnet.002 
LOG (snnet-train-shuff:Init():nnet-randomizer.cc:31) Seeding by srand with : 779
lattice-to-nbest --n=1 --random=false ark:data/lda_post//train.lat ark:- 
lattice-to-vec ark:- ark:- 
LOG (snnet-train-shuff:SelectGpuIdAuto():cu-device.cc:262) Selecting from 1 GPUs
LOG (snnet-train-shuff:SelectGpuIdAuto():cu-device.cc:277) cudaSetDevice(0): GeForce GTX 780	free:2234M, used:836M, total:3071M, free/total:0.727545
LOG (snnet-train-shuff:SelectGpuIdAuto():cu-device.cc:310) Selected device: 0 (automatically)
LOG (snnet-train-shuff:FinalizeActiveGpu():cu-device.cc:194) The active GPU is [0]: GeForce GTX 780	free:2220M, used:850M, total:3071M, free/total:0.722987 version 3.5
LOG (snnet-train-shuff:PrintMemoryUsage():cu-device.cc:334) Memory used: 0 bytes.
LOG (snnet-train-shuff:DisableCaching():cu-device.cc:731) Disabling caching of GPU memory.
LOG (snnet-train-shuff:main():snnet-train-shuff.cpp:113) TRAINING STARTED
VLOG[1] (snnet-train-shuff:main():snnet-train-shuff.cpp:206) ### After 0 frames,
VLOG[1] (snnet-train-shuff:main():snnet-train-shuff.cpp:207) ### Forward propagation buffer content :
[0] output of <Input>  ( min -300.176, max 0.257962, mean -1.39606, variance 207.445, skewness -11.387, kurtosis 143.345 ) 
[1] output of <AffineTransform> ( min -382761, max 827419, mean 2461.85, variance 2.22864e+09, skewness 4.17901, kurtosis 46.8113 ) 
[2] output of <Sigmoid> ( min 0, max 1, mean 0.375, variance 0.234375, skewness 0.516398, kurtosis -1.73333 ) 
[3] output of <AffineTransform> ( min -242.245, max 239.36, mean -1.44221, variance 57985.8, skewness 0, kurtosis -2 ) 
[4] output of <Softmax> ( min 0, max 1, mean 0.5, variance 0.25, skewness 0, kurtosis -2 ) 

VLOG[1] (snnet-train-shuff:main():snnet-train-shuff.cpp:209) ### Backward propagation buffer content :
[0] diff of <Input>  ( min -2.86202e-12, max 2.49316e-12, mean 3.00141e-17, variance 2.39051e-27, skewness 0.393184, kurtosis -nan ) 
[1] diff-output of <AffineTransform> ( min -7.37541e-19, max 3.81155e-11, mean 7.50485e-16, variance 2.83749e-26, skewness 226.261, kurtosis inf ) 
[2] diff-output of <Sigmoid> ( min -8.59705, max 15.8763, mean 0.11992, variance 0.302075, skewness 12.732, kurtosis 206.68 ) 
[3] diff-output of <AffineTransform> ( min -1, max 1, mean 4.39741e-10, variance 0.0125925, skewness 5.35149e-10, kurtosis 71.201 ) 
[4] diff-output of <Softmax> ( min -1, max 1, mean 4.39741e-10, variance 0.0125925, skewness 5.35149e-10, kurtosis 71.201 ) 

VLOG[1] (snnet-train-shuff:main():snnet-train-shuff.cpp:210) ### Gradient stats :
Component 1 : <AffineTransform>, 
  linearity_grad ( min -4.42339e-09, max 3.50805e-12, mean -1.10761e-13, variance 4.86747e-22, skewness -200.161, kurtosis 40080.8 ) , lr-coef 1, max-norm 0
  bias_grad ( min -7.50993e-19, max 3.82298e-11, mean 1.92124e-13, variance 7.27086e-24, skewness 14.0353, kurtosis inf ) , lr-coef 1
Component 2 : <Sigmoid>, 
Component 3 : <AffineTransform>, 
  linearity_grad ( min -8.25447, max 8.25447, mean 5.36442e-07, variance 25.5511, skewness 3.54427e-07, kurtosis -0.333333 ) , lr-coef 1, max-norm 0
  bias_grad ( min -8.25447, max 8.25447, mean 0, variance 68.1364, skewness 0, kurtosis -2 ) , lr-coef 0.1
Component 4 : <Softmax>, 

VLOG[1] (snnet-train-shuff:Eval():nnet-loss.cc:131) ProgressLoss[1h/1h]: 1.96385 (Xent)
LOG (lattice-to-nbest:main():lattice-to-nbest.cc:123) Done applying N-best algorithm to 3696 lattices with n = 1, average actual #paths is 1
VLOG[1] (snnet-train-shuff:main():snnet-train-shuff.cpp:231) ### After 376832 frames,
VLOG[1] (snnet-train-shuff:main():snnet-train-shuff.cpp:232) ### Forward propagation buffer content :
[0] output of <Input>  ( min -326.054, max 0.338542, mean -1.49218, variance 240.513, skewness -11.6062, kurtosis 150.769 ) 
[1] output of <AffineTransform> ( min -398064, max 860047, mean 2631.31, variance 2.56843e+09, skewness 4.21819, kurtosis 47.7467 ) 
[2] output of <Sigmoid> ( min 0, max 1, mean 0.375, variance 0.234375, skewness 0.516398, kurtosis -1.73333 ) 
[3] output of <AffineTransform> ( min -16.6128, max 13.7318, mean -1.4405, variance 230.199, skewness 0, kurtosis -2 ) 
[4] output of <Softmax> ( min 6.62996e-14, max 1, mean 0.5, variance 0.25, skewness 0, kurtosis -2 ) 

VLOG[1] (snnet-train-shuff:main():snnet-train-shuff.cpp:234) ### Backward propagation buffer content :
[0] diff of <Input>  ( min -1.79949e-15, max 2.1425e-15, mean -2.96208e-20, variance 1.23466e-33, skewness -0.848828, kurtosis -nan ) 
[1] diff-output of <AffineTransform> ( min -2.63353e-14, max 8.35663e-23, mean -6.8147e-19, variance 1.48328e-32, skewness -203.243, kurtosis -nan ) 
[2] diff-output of <Sigmoid> ( min -15.8763, max 15.414, mean -1.11971, variance 7.97029, skewness 0.874924, kurtosis 9.33074 ) 
[3] diff-output of <AffineTransform> ( min -1, max 1, mean -1.16415e-10, variance 0.942286, skewness -2.54546e-10, kurtosis -1.98309 ) 
[4] diff-output of <Softmax> ( min -1, max 1, mean -1.16415e-10, variance 0.942286, skewness -2.54546e-10, kurtosis -1.98309 ) 

VLOG[1] (snnet-train-shuff:main():snnet-train-shuff.cpp:235) ### Gradient stats :
Component 1 : <AffineTransform>, 
  linearity_grad ( min -8.78923e-06, max 1.09232e-08, mean -1.71629e-10, variance 1.50811e-15, skewness -226.267, kurtosis 51195 ) , lr-coef 1, max-norm 0
  bias_grad ( min -1.96598e-15, max 5.20735e-08, mean 2.6042e-10, variance 1.34904e-17, skewness 14.0358, kurtosis 195.005 ) , lr-coef 1
Component 2 : <Sigmoid>, 
Component 3 : <AffineTransform>, 
  linearity_grad ( min -180.965, max 180.965, mean -2.86102e-06, variance 12280.7, skewness -2.06661e-07, kurtosis -0.333333 ) , lr-coef 1, max-norm 0
  bias_grad ( min -180.965, max 180.965, mean 0, variance 32748.5, skewness 0, kurtosis -2 ) , lr-coef 0.1
Component 4 : <Softmax>, 

LOG (snnet-train-shuff:main():snnet-train-shuff.cpp:243) Done 3696 files, 0 with no tgt_mats, 0 with other errors. [TRAINING, RANDOMIZED, 0.446946 min, fps14052.1]
LOG (snnet-train-shuff:main():snnet-train-shuff.cpp:252) AvgLoss: 1.97211 (Xent), [AvgXent: 2.07535, AvgTargetEnt: 0.103243]
progress: [1.96385 ]

FRAME_ACCURACY >> 95.7437% <<
LOG (snnet-train-shuff:PrintProfile():cu-device.cc:360) -----
[cudevice profile]
Sum	0.0410111s
Set	0.0692358s
AddVec	0.120957s
AddMat	0.134182s
CuVector::SetZero	0.154506s
Randomize	0.174089s
FindRowMaxId	0.199393s
CuVector::Resize	0.238902s
CuMatrix::SetZero	0.253039s
Destroy	0.274347s
AddRowSumMat	0.352134s
CuMatrix::Resize	0.479829s
CuMatrixBase::CopyFromMat(from other CuMatrixBase)	0.523777s
CuMatrixBase::CopyFromMat(from CPU)	1.21247s
AddMatMat	1.74636s
Total GPU time:	6.24434s (may involve some double-counting)
-----
LOG (snnet-train-shuff:PrintMemoryUsage():cu-device.cc:334) Memory used: 1273872384 bytes.
TRAIN AVG.LOSS 1.9721, snnet-train-shuff --learn-rate=0.004 --momentum=0.9 --l1-penalty=0 --l2-penalty=0 --minibatch-size=256 --randomizer-size=32768 --randomize=true --verbose=1 --binary=true --randomizer-seed=780 --cross-validate=true --negative-num=100 ark:data/lda_post//dev.ark ark:data/lda_post//dev.lab 'ark:lattice-to-nbest --n=1 --random=false ark:data/lda_post//dev.lat ark:- | lattice-to-vec ark:- ark:- |' /tmp/tmp.BfSSnJdqLk/nnet/nnet.002 
LOG (snnet-train-shuff:Init():nnet-randomizer.cc:31) Seeding by srand with : 780
lattice-to-nbest --n=1 --random=false ark:data/lda_post//dev.lat ark:- 
lattice-to-vec ark:- ark:- 
LOG (snnet-train-shuff:SelectGpuIdAuto():cu-device.cc:262) Selecting from 1 GPUs
LOG (snnet-train-shuff:SelectGpuIdAuto():cu-device.cc:277) cudaSetDevice(0): GeForce GTX 780	free:2234M, used:836M, total:3071M, free/total:0.727545
LOG (snnet-train-shuff:SelectGpuIdAuto():cu-device.cc:310) Selected device: 0 (automatically)
LOG (snnet-train-shuff:FinalizeActiveGpu():cu-device.cc:194) The active GPU is [0]: GeForce GTX 780	free:2220M, used:850M, total:3071M, free/total:0.722987 version 3.5
LOG (snnet-train-shuff:PrintMemoryUsage():cu-device.cc:334) Memory used: 0 bytes.
LOG (snnet-train-shuff:DisableCaching():cu-device.cc:731) Disabling caching of GPU memory.
LOG (snnet-train-shuff:main():snnet-train-shuff.cpp:113) CROSS-VALIDATION STARTED
VLOG[1] (snnet-train-shuff:main():snnet-train-shuff.cpp:206) ### After 0 frames,
VLOG[1] (snnet-train-shuff:main():snnet-train-shuff.cpp:207) ### Forward propagation buffer content :
[0] output of <Input>  ( min -210.124, max 0.161111, mean -1.56774, variance 264.045, skewness -11.0309, kurtosis 125.942 ) 
[1] output of <AffineTransform> ( min -273625, max 591350, mean 2764.3, variance 2.82104e+09, skewness 4.06522, kurtosis 41.7671 ) 
[2] output of <Sigmoid> ( min 0, max 1, mean 0.375, variance 0.234375, skewness 0.516398, kurtosis -1.73333 ) 
[3] output of <AffineTransform> ( min -40.6302, max 37.7492, mean -1.4405, variance 1535.83, skewness 0, kurtosis -2 ) 
[4] output of <Softmax> ( min 9.12504e-35, max 1, mean 0.5, variance 0.25, skewness 0, kurtosis -2 ) 

LOG (lattice-to-nbest:main():lattice-to-nbest.cc:123) Done applying N-best algorithm to 400 lattices with n = 1, average actual #paths is 1
VLOG[1] (snnet-train-shuff:main():snnet-train-shuff.cpp:231) ### After 40704 frames,
VLOG[1] (snnet-train-shuff:main():snnet-train-shuff.cpp:232) ### Forward propagation buffer content :
[0] output of <Input>  ( min -211.297, max 0.197568, mean -1.35655, variance 192.445, skewness -11.0863, kurtosis 132.613 ) 
[1] output of <AffineTransform> ( min -275154, max 594654, mean 2392.19, variance 2.07048e+09, skewness 4.09376, kurtosis 44.1485 ) 
[2] output of <Sigmoid> ( min 0, max 1, mean 0.375, variance 0.234375, skewness 0.516398, kurtosis -1.73333 ) 
[3] output of <AffineTransform> ( min -40.6302, max 37.7492, mean -1.4405, variance 1535.83, skewness 0, kurtosis -2 ) 
[4] output of <Softmax> ( min 9.12504e-35, max 1, mean 0.5, variance 0.25, skewness 0, kurtosis -2 ) 

LOG (snnet-train-shuff:main():snnet-train-shuff.cpp:243) Done 400 files, 0 with no tgt_mats, 0 with other errors. [CROSS-VALIDATION, RANDOMIZED, 0.0624078 min, fps10870.4]
LOG (snnet-train-shuff:main():snnet-train-shuff.cpp:252) AvgLoss: 1.41353 (Xent), [AvgXent: 1.51661, AvgTargetEnt: 0.103082]

FRAME_ACCURACY >> 99.0075% <<
LOG (snnet-train-shuff:PrintProfile():cu-device.cc:360) -----
[cudevice profile]
CuMatrix::CopyToMatD2H	0.00402045s
CuArray::CopyToVecD2H	0.00404906s
Sum	0.0042913s
AddVecToRows	0.00465441s
Set	0.00792933s
CuVector::SetZero	0.00967312s
AddRowSumMat	0.0115223s
CuVector::Resize	0.0164487s
CuMatrix::SetZero	0.0210493s
FindRowMaxId	0.022033s
Destroy	0.0312104s
CuMatrixBase::CopyFromMat(from other CuMatrixBase)	0.0566478s
CuMatrix::Resize	0.0679593s
AddMatMat	0.0890062s
CuMatrixBase::CopyFromMat(from CPU)	0.136301s
Total GPU time:	0.51004s (may involve some double-counting)
-----
LOG (snnet-train-shuff:PrintMemoryUsage():cu-device.cc:334) Memory used: 644202496 bytes.
CROSSVAL AVG.LOSS 1.4135, nnet accepted (nnet.002_learnrate0.004_tr0.0000_cv1.4135)
snnet-train-shuff --learn-rate=0.002 --momentum=0.9 --l1-penalty=0 --l2-penalty=0 --minibatch-size=256 --randomizer-size=32768 --randomize=true --verbose=1 --binary=true --randomizer-seed=781 --negative-num=100 ark:data/lda_post//train.ark ark:data/lda_post//train.lab 'ark:lattice-to-nbest --n=1 --random=false ark:data/lda_post//train.lat ark:- | lattice-to-vec ark:- ark:- |' /tmp/tmp.BfSSnJdqLk/nnet/nnet.002_learnrate0.004_tr0.0000_cv1.4135 /tmp/tmp.BfSSnJdqLk/nnet/nnet.003 
LOG (snnet-train-shuff:Init():nnet-randomizer.cc:31) Seeding by srand with : 781
lattice-to-nbest --n=1 --random=false ark:data/lda_post//train.lat ark:- 
lattice-to-vec ark:- ark:- 
LOG (snnet-train-shuff:SelectGpuIdAuto():cu-device.cc:262) Selecting from 1 GPUs
LOG (snnet-train-shuff:SelectGpuIdAuto():cu-device.cc:277) cudaSetDevice(0): GeForce GTX 780	free:2234M, used:836M, total:3071M, free/total:0.727545
LOG (snnet-train-shuff:SelectGpuIdAuto():cu-device.cc:310) Selected device: 0 (automatically)
LOG (snnet-train-shuff:FinalizeActiveGpu():cu-device.cc:194) The active GPU is [0]: GeForce GTX 780	free:2220M, used:850M, total:3071M, free/total:0.722987 version 3.5
LOG (snnet-train-shuff:PrintMemoryUsage():cu-device.cc:334) Memory used: 0 bytes.
LOG (snnet-train-shuff:DisableCaching():cu-device.cc:731) Disabling caching of GPU memory.
LOG (snnet-train-shuff:main():snnet-train-shuff.cpp:113) TRAINING STARTED
VLOG[1] (snnet-train-shuff:main():snnet-train-shuff.cpp:206) ### After 0 frames,
VLOG[1] (snnet-train-shuff:main():snnet-train-shuff.cpp:207) ### Forward propagation buffer content :
[0] output of <Input>  ( min -334.71, max 0.209497, mean -1.40219, variance 212.704, skewness -11.689, kurtosis 154.077 ) 
[1] output of <AffineTransform> ( min -417743, max 903276, mean 2472.79, variance 2.27919e+09, skewness 4.26767, kurtosis 49.503 ) 
[2] output of <Sigmoid> ( min 0, max 1, mean 0.375, variance 0.234375, skewness 0.516398, kurtosis -1.73333 ) 
[3] output of <AffineTransform> ( min -40.6302, max 37.7492, mean -1.4405, variance 1535.83, skewness 0, kurtosis -2 ) 
[4] output of <Softmax> ( min 9.12504e-35, max 1, mean 0.5, variance 0.25, skewness 0, kurtosis -2 ) 

VLOG[1] (snnet-train-shuff:main():snnet-train-shuff.cpp:209) ### Backward propagation buffer content :
[0] diff of <Input>  ( min -1.74346e-12, max 1.53239e-12, mean 2.51897e-17, variance 7.82932e-28, skewness 0.0616124, kurtosis -nan ) 
[1] diff-output of <AffineTransform> ( min -1.90859e-17, max 2.20774e-11, mean 4.72599e-16, variance 9.54889e-27, skewness 225.251, kurtosis inf ) 
[2] diff-output of <Sigmoid> ( min -13.9662, max 15.8763, mean 0.057319, variance 0.125633, skewness 6.58468, kurtosis 521.084 ) 
[3] diff-output of <AffineTransform> ( min -1, max 1, mean -5.32964e-10, variance 0.0127236, skewness -8.95398e-12, kurtosis 69.6572 ) 
[4] diff-output of <Softmax> ( min -1, max 1, mean -5.32964e-10, variance 0.0127236, skewness -8.95398e-12, kurtosis 69.6572 ) 

VLOG[1] (snnet-train-shuff:main():snnet-train-shuff.cpp:210) ### Gradient stats :
Component 1 : <AffineTransform>, 
  linearity_grad ( min -1.59037e-09, max 1.85212e-12, mean -4.92197e-14, variance 7.12924e-23, skewness -183.56, kurtosis 30701.4 ) , lr-coef 1, max-norm 0
  bias_grad ( min -1.94933e-17, max 2.26917e-11, mean 1.20985e-13, variance 2.57109e-24, skewness 13.9481, kurtosis inf ) , lr-coef 1
Component 2 : <Sigmoid>, 
Component 3 : <AffineTransform>, 
  linearity_grad ( min -8.60283, max 8.60283, mean 0, variance 27.7533, skewness 0, kurtosis -0.333334 ) , lr-coef 1, max-norm 0
  bias_grad ( min -8.60283, max 8.60283, mean 0, variance 74.0087, skewness 0, kurtosis -2 ) , lr-coef 0.1
Component 4 : <Softmax>, 

VLOG[1] (snnet-train-shuff:Eval():nnet-loss.cc:131) ProgressLoss[1h/1h]: 1.55303 (Xent)
LOG (lattice-to-nbest:main():lattice-to-nbest.cc:123) Done applying N-best algorithm to 3696 lattices with n = 1, average actual #paths is 1
VLOG[1] (snnet-train-shuff:main():snnet-train-shuff.cpp:231) ### After 376832 frames,
VLOG[1] (snnet-train-shuff:main():snnet-train-shuff.cpp:232) ### Forward propagation buffer content :
[0] output of <Input>  ( min -326.054, max 0.497143, mean -1.44613, variance 219.501, skewness -11.0683, kurtosis 133.777 ) 
[1] output of <AffineTransform> ( min -402030, max 868527, mean 2550.12, variance 2.35426e+09, skewness 4.05902, kurtosis 43.3031 ) 
[2] output of <Sigmoid> ( min 0, max 1, mean 0.375, variance 0.234375, skewness 0.516398, kurtosis -1.73333 ) 
[3] output of <AffineTransform> ( min -122.774, max 119.894, mean -1.43981, variance 14722, skewness 0, kurtosis -2 ) 
[4] output of <Softmax> ( min 0, max 1, mean 0.5, variance 0.25, skewness 0, kurtosis -2 ) 

VLOG[1] (snnet-train-shuff:main():snnet-train-shuff.cpp:234) ### Backward propagation buffer content :
[0] diff of <Input>  ( min -1.13179e-14, max 9.87547e-15, mean 1.8495e-19, variance 3.29777e-32, skewness 0.087277, kurtosis -nan ) 
[1] diff-output of <AffineTransform> ( min -6.42364e-16, max 1.41953e-13, mean 3.55907e-18, variance 4.02188e-31, skewness 219.439, kurtosis -nan ) 
[2] diff-output of <Sigmoid> ( min -11.7786, max 15.8763, mean 0.10251, variance 0.239768, skewness 8.48419, kurtosis 197.074 ) 
[3] diff-output of <AffineTransform> ( min -1, max 1, mean -1.41881e-10, variance 0.018358, skewness 2.34322e-08, kurtosis 44.8634 ) 
[4] diff-output of <Softmax> ( min -1, max 1, mean -1.41881e-10, variance 0.018358, skewness 2.34322e-08, kurtosis 44.8634 ) 

VLOG[1] (snnet-train-shuff:main():snnet-train-shuff.cpp:235) ### Gradient stats :
Component 1 : <AffineTransform>, 
  linearity_grad ( min -3.7932e-06, max 4.71013e-09, mean -7.40913e-11, variance 2.80148e-16, skewness -226.266, kurtosis 51195 ) , lr-coef 1, max-norm 0
  bias_grad ( min -6.31762e-15, max 2.2503e-08, mean 1.12536e-10, variance 2.51925e-18, skewness 14.0358, kurtosis 195.005 ) , lr-coef 1
Component 2 : <Sigmoid>, 
Component 3 : <AffineTransform>, 
  linearity_grad ( min -39.2622, max 39.2622, mean -7.15256e-07, variance 578.069, skewness -2.63489e-07, kurtosis -0.333334 ) , lr-coef 1, max-norm 0
  bias_grad ( min -39.2622, max 39.2622, mean 1.90735e-06, variance 1541.52, skewness 0, kurtosis -2 ) , lr-coef 0.1
Component 4 : <Softmax>, 

LOG (snnet-train-shuff:main():snnet-train-shuff.cpp:243) Done 3696 files, 0 with no tgt_mats, 0 with other errors. [TRAINING, RANDOMIZED, 0.439085 min, fps14303.7]
LOG (snnet-train-shuff:main():snnet-train-shuff.cpp:252) AvgLoss: 1.55502 (Xent), [AvgXent: 1.65826, AvgTargetEnt: 0.103247]
progress: [1.55303 ]

FRAME_ACCURACY >> 95.8032% <<
LOG (snnet-train-shuff:PrintProfile():cu-device.cc:360) -----
[cudevice profile]
AddVecToRows	0.0396233s
Set	0.0672619s
AddVec	0.120209s
AddMat	0.13289s
CuVector::SetZero	0.156575s
Randomize	0.173389s
FindRowMaxId	0.193728s
CuVector::Resize	0.237291s
CuMatrix::SetZero	0.249676s
Destroy	0.270302s
AddRowSumMat	0.353622s
CuMatrix::Resize	0.492943s
CuMatrixBase::CopyFromMat(from other CuMatrixBase)	0.538311s
CuMatrixBase::CopyFromMat(from CPU)	1.21626s
AddMatMat	1.73851s
Total GPU time:	6.24586s (may involve some double-counting)
-----
LOG (snnet-train-shuff:PrintMemoryUsage():cu-device.cc:334) Memory used: 1273872384 bytes.
TRAIN AVG.LOSS 1.5550, snnet-train-shuff --learn-rate=0.002 --momentum=0.9 --l1-penalty=0 --l2-penalty=0 --minibatch-size=256 --randomizer-size=32768 --randomize=true --verbose=1 --binary=true --randomizer-seed=782 --cross-validate=true --negative-num=100 ark:data/lda_post//dev.ark ark:data/lda_post//dev.lab 'ark:lattice-to-nbest --n=1 --random=false ark:data/lda_post//dev.lat ark:- | lattice-to-vec ark:- ark:- |' /tmp/tmp.BfSSnJdqLk/nnet/nnet.003 
LOG (snnet-train-shuff:Init():nnet-randomizer.cc:31) Seeding by srand with : 782
lattice-to-nbest --n=1 --random=false ark:data/lda_post//dev.lat ark:- 
lattice-to-vec ark:- ark:- 
LOG (snnet-train-shuff:SelectGpuIdAuto():cu-device.cc:262) Selecting from 1 GPUs
LOG (snnet-train-shuff:SelectGpuIdAuto():cu-device.cc:277) cudaSetDevice(0): GeForce GTX 780	free:2234M, used:836M, total:3071M, free/total:0.727545
LOG (snnet-train-shuff:SelectGpuIdAuto():cu-device.cc:310) Selected device: 0 (automatically)
LOG (snnet-train-shuff:FinalizeActiveGpu():cu-device.cc:194) The active GPU is [0]: GeForce GTX 780	free:2220M, used:850M, total:3071M, free/total:0.722987 version 3.5
LOG (snnet-train-shuff:PrintMemoryUsage():cu-device.cc:334) Memory used: 0 bytes.
LOG (snnet-train-shuff:DisableCaching():cu-device.cc:731) Disabling caching of GPU memory.
LOG (snnet-train-shuff:main():snnet-train-shuff.cpp:113) CROSS-VALIDATION STARTED
VLOG[1] (snnet-train-shuff:main():snnet-train-shuff.cpp:206) ### After 0 frames,
VLOG[1] (snnet-train-shuff:main():snnet-train-shuff.cpp:207) ### Forward propagation buffer content :
[0] output of <Input>  ( min -210.124, max 0.161111, mean -1.57344, variance 265.252, skewness -11.0137, kurtosis 125.519 ) 
[1] output of <AffineTransform> ( min -273625, max 591350, mean 2773.92, variance 2.84706e+09, skewness 4.07504, kurtosis 42.0141 ) 
[2] output of <Sigmoid> ( min 0, max 1, mean 0.375, variance 0.234375, skewness 0.516398, kurtosis -1.73333 ) 
[3] output of <AffineTransform> ( min -116.877, max 113.997, mean -1.4398, variance 13325.7, skewness 0, kurtosis -2 ) 
[4] output of <Softmax> ( min 0, max 1, mean 0.5, variance 0.25, skewness 0, kurtosis -2 ) 

LOG (lattice-to-nbest:main():lattice-to-nbest.cc:123) Done applying N-best algorithm to 400 lattices with n = 1, average actual #paths is 1
VLOG[1] (snnet-train-shuff:main():snnet-train-shuff.cpp:231) ### After 40704 frames,
VLOG[1] (snnet-train-shuff:main():snnet-train-shuff.cpp:232) ### Forward propagation buffer content :
[0] output of <Input>  ( min -211.297, max 0.197568, mean -1.35414, variance 192, skewness -11.0931, kurtosis 132.787 ) 
[1] output of <AffineTransform> ( min -275154, max 594654, mean 2386.98, variance 2.06086e+09, skewness 4.08613, kurtosis 43.9326 ) 
[2] output of <Sigmoid> ( min 0, max 1, mean 0.375, variance 0.234375, skewness 0.516398, kurtosis -1.73333 ) 
[3] output of <AffineTransform> ( min -116.877, max 113.997, mean -1.4398, variance 13325.7, skewness 0, kurtosis -2 ) 
[4] output of <Softmax> ( min 0, max 1, mean 0.5, variance 0.25, skewness 0, kurtosis -2 ) 

LOG (snnet-train-shuff:main():snnet-train-shuff.cpp:243) Done 400 files, 0 with no tgt_mats, 0 with other errors. [CROSS-VALIDATION, RANDOMIZED, 0.07018 min, fps9666.57]
LOG (snnet-train-shuff:main():snnet-train-shuff.cpp:252) AvgLoss: 1.4148 (Xent), [AvgXent: 1.51801, AvgTargetEnt: 0.10321]

FRAME_ACCURACY >> 99.0075% <<
LOG (snnet-train-shuff:PrintProfile():cu-device.cc:360) -----
[cudevice profile]
CuArray::CopyToVecD2H	0.00394201s
CuMatrix::CopyToMatD2H	0.00411224s
Sum	0.00439739s
AddVecToRows	0.00481272s
Set	0.00812173s
CuVector::SetZero	0.00980926s
AddRowSumMat	0.0117331s
CuVector::Resize	0.0170009s
CuMatrix::SetZero	0.0215032s
FindRowMaxId	0.0225143s
Destroy	0.0308657s
CuMatrixBase::CopyFromMat(from other CuMatrixBase)	0.0580707s
CuMatrix::Resize	0.0671227s
AddMatMat	0.101888s
CuMatrixBase::CopyFromMat(from CPU)	0.133071s
Total GPU time:	0.522953s (may involve some double-counting)
-----
LOG (snnet-train-shuff:PrintMemoryUsage():cu-device.cc:334) Memory used: 644202496 bytes.
CROSSVAL AVG.LOSS 1.4148, nnet rejected (nnet.003_learnrate0.002_tr0.0000_cv1.4148_rejected)
finished, too small rel. improvement 0
train success
snnet-test ark:data/lda_post//test.ark ark:data/lda_post//test.lab 'ark:lattice-to-nbest --n=100 ark:data/lda_post//test.lat ark:- | lattice-to-vec ark:- ark:- |' data/lda_post//data_nn.model ark,t:data/lda_post//test.tags 
lattice-to-vec ark:- ark:- 
lattice-to-nbest --n=100 ark:data/lda_post//test.lat ark:- 
LOG (snnet-test:SelectGpuIdAuto():cu-device.cc:262) Selecting from 1 GPUs
LOG (snnet-test:SelectGpuIdAuto():cu-device.cc:277) cudaSetDevice(0): GeForce GTX 780	free:2234M, used:836M, total:3071M, free/total:0.727545
LOG (snnet-test:SelectGpuIdAuto():cu-device.cc:310) Selected device: 0 (automatically)
LOG (snnet-test:FinalizeActiveGpu():cu-device.cc:194) The active GPU is [0]: GeForce GTX 780	free:2220M, used:850M, total:3071M, free/total:0.722987 version 3.5
LOG (snnet-test:PrintMemoryUsage():cu-device.cc:334) Memory used: 0 bytes.
LOG (snnet-test:DisableCaching():cu-device.cc:731) Disabling caching of GPU memory.
LOG (snnet-test:main():snnet-test.cpp:70) PREDICT STARTED
LOG (lattice-to-nbest:main():lattice-to-nbest.cc:123) Done applying N-best algorithm to 192 lattices with n = 100, average actual #paths is 99.6042
LOG (snnet-test:main():snnet-test.cpp:153) Done 192 files in 0.50601min, (fps 636.219)
LOG (snnet-test:main():snnet-test.cpp:157) Total FER = 0.747216
LOG (snnet-test:PrintProfile():cu-device.cc:360) -----
[cudevice profile]
CuVector::CopyFromVecH2D	2.59876e-05s
CopyToVec	4.17233e-05s
CuVector::SetZero	5.79357e-05s
CuVector::Resize	0.000145912s
ApplySoftMaxPerRow	0.00347543s
Sigmoid	0.00365138s
AddVecToRows	0.00633216s
CuMatrix::CopyToMatD2H	0.0113909s
CuMatrix::SetZero	0.020009s
Destroy	0.035445s
CuMatrixBase::CopyFromMat(from CPU)	0.0693128s
CuMatrix::Resize	0.0914891s
AddMatMat	0.116341s
CheckGpuHealth	0.133556s
Total GPU time:	0.491274s (may involve some double-counting)
-----
LOG (snnet-test:PrintMemoryUsage():cu-device.cc:334) Memory used: 9699328 bytes.
