snnet/train.sh --rand-lattice false --n-lattice 1 ark:data/simp//train.ark ark:data/simp//train.lab ark:data/simp//train.lat ark:data/simp//dev.ark ark:data/simp//dev.lab ark:data/simp//dev.lat data/simp//data_nn.model
copy-int-vector ark:data/simp//train.lab ark,t:- 
LOG (copy-int-vector:main():copy-int-vector.cc:83) Copied 3696 vectors of int32.
feat-to-dim ark:data/simp//train.ark - 
nnet-initialize /tmp/tmp.9Dxx1bmWF3/nnet.proto /tmp/tmp.9Dxx1bmWF3/nnet.init 
VLOG[1] (nnet-initialize:Init():nnet-nnet.cc:362) <NnetProto>
VLOG[1] (nnet-initialize:Init():nnet-nnet.cc:362) <AffineTransform> <InputDim> 4608 <OutputDim> 200 <BiasMean> -2.000000 <BiasRange> 4.000000 <ParamStddev> 0.020607 <MaxNorm> 0.000000
VLOG[1] (nnet-initialize:Init():nnet-nnet.cc:362) <Sigmoid> <InputDim> 200 <OutputDim> 200
VLOG[1] (nnet-initialize:Init():nnet-nnet.cc:362) <AffineTransform> <InputDim> 200 <OutputDim> 2 <BiasMean> 0.000000 <BiasRange> 0.000000 <ParamStddev> 0.348263 <LearnRateCoef> 1.000000 <BiasLearnRateCoef> 0.100000
VLOG[1] (nnet-initialize:Init():nnet-nnet.cc:362) <Softmax> <InputDim> 2 <OutputDim> 2
VLOG[1] (nnet-initialize:Init():nnet-nnet.cc:362) </NnetProto>
LOG (nnet-initialize:main():nnet-initialize.cc:64) Written initialized model to /tmp/tmp.9Dxx1bmWF3/nnet.init
snnet-train-shuff --learn-rate=0.004 --momentum=0.9 --l1-penalty=0 --l2-penalty=0 --minibatch-size=256 --randomizer-size=32768 --randomize=true --verbose=1 --binary=true --randomizer-seed=777 --negative-num=100 ark:data/simp//train.ark ark:data/simp//train.lab 'ark:lattice-to-nbest --n=1 --random=false ark:data/simp//train.lat ark:- | lattice-to-vec ark:- ark:- |' /tmp/tmp.9Dxx1bmWF3/nnet.init /tmp/tmp.9Dxx1bmWF3/nnet/nnet.001 
LOG (snnet-train-shuff:Init():nnet-randomizer.cc:31) Seeding by srand with : 777
lattice-to-nbest --n=1 --random=false ark:data/simp//train.lat ark:- 
lattice-to-vec ark:- ark:- 
LOG (snnet-train-shuff:SelectGpuIdAuto():cu-device.cc:262) Selecting from 1 GPUs
LOG (snnet-train-shuff:SelectGpuIdAuto():cu-device.cc:277) cudaSetDevice(0): GeForce GTX 780	free:2234M, used:836M, total:3071M, free/total:0.727545
LOG (snnet-train-shuff:SelectGpuIdAuto():cu-device.cc:310) Selected device: 0 (automatically)
LOG (snnet-train-shuff:FinalizeActiveGpu():cu-device.cc:194) The active GPU is [0]: GeForce GTX 780	free:2211M, used:859M, total:3071M, free/total:0.720057 version 3.5
LOG (snnet-train-shuff:PrintMemoryUsage():cu-device.cc:334) Memory used: 0 bytes.
LOG (snnet-train-shuff:DisableCaching():cu-device.cc:731) Disabling caching of GPU memory.
LOG (snnet-train-shuff:main():snnet-train-shuff.cpp:113) TRAINING STARTED
snnet-train-shuff: snnet-train-shuff.cpp:128: int main(int, char**): Assertion `score_path_reader.Key() == feature_reader.Key()' failed.
